2023-01-29 16:18:57,009:INFO: Building model...
2023-01-29 16:19:00,109:INFO: - done.
2023-01-29 16:19:00,111:INFO: Epoch 1/30
2023-01-29 16:41:56,252:INFO: - Training:  - 1376s - loss: 0.6618 - perplexity: 1.9951 - lr: 0.0001
2023-01-29 16:44:29,719:INFO: - Eval: BLEU-4 64.34 - EM 1.55 - Edit 71.41 - perplexity -1.48
2023-01-29 16:44:29,720:INFO: - New best score (-1.48)!
2023-01-29 16:44:31,030:INFO: - Saved model in results/clean-RDKit-100K/model.weights/
2023-01-29 16:44:31,031:INFO: - Elapsed time: 1530.92, lr: 0.00010
2023-01-29 16:44:31,032:INFO: Epoch 2/30
2023-01-29 17:07:31,075:INFO: - Training:  - 1380s - loss: 0.2543 - perplexity: 1.2927 - lr: 0.0001
2023-01-29 17:09:56,117:INFO: - Eval: BLEU-4 82.32 - EM 26.30 - Edit 83.69 - perplexity -1.20
2023-01-29 17:09:56,118:INFO: - New best score (-1.20)!
2023-01-29 17:09:57,378:INFO: - Saved model in results/clean-RDKit-100K/model.weights/
2023-01-29 17:09:57,379:INFO: - Elapsed time: 1526.35, lr: 0.00010
2023-01-29 17:09:57,379:INFO: Epoch 3/30
2023-01-29 17:32:56,384:INFO: - Training:  - 1379s - loss: 0.1305 - perplexity: 1.1403 - lr: 0.0001
2023-01-29 17:35:21,140:INFO: - Eval: BLEU-4 89.26 - EM 53.15 - Edit 89.92 - perplexity -1.11
2023-01-29 17:35:21,141:INFO: - New best score (-1.11)!
2023-01-29 17:35:22,442:INFO: - Saved model in results/clean-RDKit-100K/model.weights/
2023-01-29 17:35:22,443:INFO: - Elapsed time: 1525.06, lr: 0.00010
2023-01-29 17:35:22,444:INFO: Epoch 4/30
2023-01-29 17:58:20,939:INFO: - Training:  - 1378s - loss: 0.0812 - perplexity: 1.0851 - lr: 0.0001
2023-01-29 18:00:49,044:INFO: - Eval: BLEU-4 92.19 - EM 62.39 - Edit 92.06 - perplexity -1.08
2023-01-29 18:00:49,045:INFO: - New best score (-1.08)!
2023-01-29 18:00:50,277:INFO: - Saved model in results/clean-RDKit-100K/model.weights/
2023-01-29 18:00:50,278:INFO: - Elapsed time: 1527.83, lr: 0.00010
2023-01-29 18:00:50,278:INFO: Epoch 5/30
2023-01-29 18:23:52,681:INFO: - Training:  - 1382s - loss: 0.0566 - perplexity: 1.0585 - lr: 0.0001
2023-01-29 18:26:21,061:INFO: - Eval: BLEU-4 93.64 - EM 70.46 - Edit 93.60 - perplexity -1.06
2023-01-29 18:26:21,062:INFO: - New best score (-1.06)!
2023-01-29 18:26:22,359:INFO: - Saved model in results/clean-RDKit-100K/model.weights/
2023-01-29 18:26:22,369:INFO: - Elapsed time: 1532.09, lr: 0.00010
2023-01-29 18:26:22,370:INFO: Epoch 6/30
2023-01-29 18:49:23,845:INFO: - Training:  - 1381s - loss: 0.0425 - perplexity: 1.0437 - lr: 0.0001
2023-01-29 18:51:55,706:INFO: - Eval: BLEU-4 94.95 - EM 75.25 - Edit 94.48 - perplexity -1.05
2023-01-29 18:51:55,707:INFO: - New best score (-1.05)!
2023-01-29 18:51:56,934:INFO: - Saved model in results/clean-RDKit-100K/model.weights/
2023-01-29 18:51:56,935:INFO: - Elapsed time: 1534.56, lr: 0.00010
2023-01-29 18:51:56,935:INFO: Epoch 7/30
2023-01-29 19:14:51,394:INFO: - Training:  - 1374s - loss: 0.0344 - perplexity: 1.0352 - lr: 0.0001
2023-01-29 19:17:20,100:INFO: - Eval: BLEU-4 95.57 - EM 79.80 - Edit 95.42 - perplexity -1.04
2023-01-29 19:17:20,101:INFO: - New best score (-1.04)!
2023-01-29 19:17:21,352:INFO: - Saved model in results/clean-RDKit-100K/model.weights/
2023-01-29 19:17:21,352:INFO: - Elapsed time: 1524.42, lr: 0.00010
2023-01-29 19:17:21,353:INFO: Epoch 8/30
2023-01-29 19:40:09,440:INFO: - Training:  - 1368s - loss: 0.0282 - perplexity: 1.0287 - lr: 0.0001
2023-01-29 19:42:40,385:INFO: - Eval: BLEU-4 96.69 - EM 83.10 - Edit 96.35 - perplexity -1.04
2023-01-29 19:42:40,385:INFO: - New best score (-1.04)!
2023-01-29 19:42:41,893:INFO: - Saved model in results/clean-RDKit-100K/model.weights/
2023-01-29 19:42:41,894:INFO: - Elapsed time: 1520.54, lr: 0.00010
2023-01-29 19:42:41,895:INFO: Epoch 9/30
2023-01-29 20:05:34,364:INFO: - Training:  - 1372s - loss: 0.0238 - perplexity: 1.0243 - lr: 0.0001
2023-01-29 20:08:05,802:INFO: - Eval: BLEU-4 96.54 - EM 83.49 - Edit 96.08 - perplexity -1.03
2023-01-29 20:08:05,803:INFO: - New best score (-1.03)!
2023-01-29 20:08:06,999:INFO: - Saved model in results/clean-RDKit-100K/model.weights/
2023-01-29 20:08:07,000:INFO: - Elapsed time: 1525.10, lr: 0.00010
2023-01-29 20:08:07,001:INFO: Epoch 10/30
2023-01-29 20:30:58,113:INFO: - Training:  - 1371s - loss: 0.0209 - perplexity: 1.0212 - lr: 0.0001
2023-01-29 20:33:32,662:INFO: - Eval: BLEU-4 96.22 - EM 81.97 - Edit 96.07 - perplexity -1.03
2023-01-29 20:33:32,663:INFO: - Elapsed time: 1525.66, lr: 0.00010
2023-01-29 20:33:32,663:INFO: Epoch 11/30
2023-01-29 20:56:23,398:INFO: - Training:  - 1370s - loss: 0.0184 - perplexity: 1.0187 - lr: 0.0001
2023-01-29 20:58:53,393:INFO: - Eval: BLEU-4 97.41 - EM 87.67 - Edit 97.11 - perplexity -1.02
2023-01-29 20:58:53,394:INFO: - New best score (-1.02)!
2023-01-29 20:58:54,694:INFO: - Saved model in results/clean-RDKit-100K/model.weights/
2023-01-29 20:58:54,694:INFO: - Elapsed time: 1522.03, lr: 0.00010
2023-01-29 20:58:54,695:INFO: Epoch 12/30
2023-01-29 21:21:44,689:INFO: - Training:  - 1369s - loss: 0.0158 - perplexity: 1.0160 - lr: 0.0001
2023-01-29 21:24:14,202:INFO: - Eval: BLEU-4 94.76 - EM 74.48 - Edit 94.43 - perplexity -1.05
2023-01-29 21:24:14,203:INFO: - Elapsed time: 1519.51, lr: 0.00010
2023-01-29 21:24:14,204:INFO: Epoch 13/30
2023-01-29 21:47:02,540:INFO: - Training:  - 1368s - loss: 0.0143 - perplexity: 1.0145 - lr: 0.0001
2023-01-29 21:49:34,773:INFO: - Eval: BLEU-4 97.27 - EM 87.03 - Edit 96.93 - perplexity -1.03
2023-01-29 21:49:34,774:INFO: - Elapsed time: 1520.57, lr: 0.00010
2023-01-29 21:49:34,775:INFO: Epoch 14/30
2023-01-29 22:12:25,825:INFO: - Training:  - 1371s - loss: 0.0135 - perplexity: 1.0136 - lr: 0.0001
2023-01-29 22:14:58,476:INFO: - Eval: BLEU-4 97.03 - EM 85.49 - Edit 96.60 - perplexity -1.03
2023-01-29 22:14:58,477:INFO: - Elapsed time: 1523.70, lr: 0.00010
2023-01-29 22:14:58,478:INFO: Epoch 15/30
2023-01-29 22:38:07,788:INFO: - Training:  - 1389s - loss: 0.0119 - perplexity: 1.0121 - lr: 0.0001
2023-01-29 22:40:40,704:INFO: - Eval: BLEU-4 97.34 - EM 88.20 - Edit 97.14 - perplexity -1.02
2023-01-29 22:40:40,705:INFO: - New best score (-1.02)!
2023-01-29 22:40:42,204:INFO: - Saved model in results/clean-RDKit-100K/model.weights/
2023-01-29 22:40:42,205:INFO: - Elapsed time: 1543.73, lr: 0.00010
2023-01-29 22:40:42,206:INFO: Epoch 16/30
2023-01-29 23:03:33,074:INFO: - Training:  - 1370s - loss: 0.0112 - perplexity: 1.0114 - lr: 0.0001
2023-01-29 23:06:12,319:INFO: - Eval: BLEU-4 95.64 - EM 82.54 - Edit 95.64 - perplexity -1.04
2023-01-29 23:06:12,320:INFO: - Elapsed time: 1530.11, lr: 0.00010
2023-01-29 23:06:12,321:INFO: Epoch 17/30
2023-01-29 23:29:11,457:INFO: - Training:  - 1379s - loss: 0.0106 - perplexity: 1.0107 - lr: 0.0001
2023-01-29 23:33:08,145:INFO: - Eval: BLEU-4 97.80 - EM 88.94 - Edit 97.44 - perplexity -1.02
2023-01-29 23:33:08,146:INFO: - New best score (-1.02)!
2023-01-29 23:33:09,348:INFO: - Saved model in results/clean-RDKit-100K/model.weights/
2023-01-29 23:33:09,349:INFO: - Elapsed time: 1617.03, lr: 0.00010
2023-01-29 23:33:09,349:INFO: Epoch 18/30
2023-01-30 00:05:04,693:INFO: - Training:  - 1915s - loss: 0.0098 - perplexity: 1.0099 - lr: 0.0001
2023-01-30 00:07:36,104:INFO: - Eval: BLEU-4 97.61 - EM 88.93 - Edit 97.35 - perplexity -1.02
2023-01-30 00:07:36,105:INFO: - New best score (-1.02)!
2023-01-30 00:07:37,403:INFO: - Saved model in results/clean-RDKit-100K/model.weights/
2023-01-30 00:07:37,404:INFO: - Elapsed time: 2068.05, lr: 0.00010
2023-01-30 00:07:37,404:INFO: Epoch 19/30
2023-01-30 00:30:34,300:INFO: - Training:  - 1376s - loss: 0.0083 - perplexity: 1.0084 - lr: 0.0001
2023-01-30 00:33:06,611:INFO: - Eval: BLEU-4 98.06 - EM 90.49 - Edit 97.71 - perplexity -1.02
2023-01-30 00:33:06,612:INFO: - New best score (-1.02)!
2023-01-30 00:33:07,925:INFO: - Saved model in results/clean-RDKit-100K/model.weights/
2023-01-30 00:33:07,925:INFO: - Elapsed time: 1530.52, lr: 0.00010
2023-01-30 00:33:07,926:INFO: Epoch 20/30
2023-01-30 00:56:05,786:INFO: - Training:  - 1377s - loss: 0.0087 - perplexity: 1.0088 - lr: 0.0001
2023-01-30 00:58:37,882:INFO: - Eval: BLEU-4 98.11 - EM 91.16 - Edit 97.79 - perplexity -1.02
2023-01-30 00:58:37,883:INFO: - New best score (-1.02)!
2023-01-30 00:58:39,274:INFO: - Saved model in results/clean-RDKit-100K/model.weights/
2023-01-30 00:58:39,275:INFO: - Elapsed time: 1531.35, lr: 0.00010
2023-01-30 00:58:39,275:INFO: Epoch 21/30
2023-01-30 01:21:52,801:INFO: - Training:  - 1393s - loss: 0.0091 - perplexity: 1.0092 - lr: 0.0001
2023-01-30 01:24:24,619:INFO: - Eval: BLEU-4 98.15 - EM 91.35 - Edit 97.88 - perplexity -1.02
2023-01-30 01:24:24,620:INFO: - Elapsed time: 1545.34, lr: 0.00010
2023-01-30 01:24:24,621:INFO: Epoch 22/30
2023-01-30 01:47:22,554:INFO: - Training:  - 1377s - loss: 0.0090 - perplexity: 1.0091 - lr: 0.0001
2023-01-30 01:49:58,142:INFO: - Eval: BLEU-4 97.62 - EM 89.24 - Edit 97.34 - perplexity -1.02
2023-01-30 01:49:58,143:INFO: - Elapsed time: 1533.52, lr: 0.00010
2023-01-30 01:49:58,144:INFO: Epoch 23/30
2023-01-30 02:12:58,284:INFO: - Training:  - 1380s - loss: 0.0071 - perplexity: 1.0071 - lr: 0.0001
2023-01-30 02:15:32,641:INFO: - Eval: BLEU-4 97.17 - EM 87.37 - Edit 96.78 - perplexity -1.03
2023-01-30 02:15:32,642:INFO: - Elapsed time: 1534.50, lr: 0.00010
2023-01-30 02:15:32,643:INFO: Epoch 24/30
2023-01-30 02:40:56,772:INFO: - Training:  - 1524s - loss: 0.0068 - perplexity: 1.0068 - lr: 0.0001
2023-01-30 02:43:34,332:INFO: - Eval: BLEU-4 98.19 - EM 91.71 - Edit 97.88 - perplexity -1.02
2023-01-30 02:43:34,333:INFO: - New best score (-1.02)!
2023-01-30 02:43:35,661:INFO: - Saved model in results/clean-RDKit-100K/model.weights/
2023-01-30 02:43:35,662:INFO: - Elapsed time: 1683.02, lr: 0.00010
2023-01-30 02:43:35,662:INFO: Epoch 25/30
2023-01-30 03:06:46,151:INFO: - Training:  - 1390s - loss: 0.0074 - perplexity: 1.0075 - lr: 0.0001
2023-01-30 03:09:17,481:INFO: - Eval: BLEU-4 97.54 - EM 89.44 - Edit 97.29 - perplexity -1.02
2023-01-30 03:09:17,483:INFO: - Elapsed time: 1541.82, lr: 0.00010
2023-01-30 03:09:17,483:INFO: Epoch 26/30
2023-01-30 03:32:14,988:INFO: - Training:  - 1377s - loss: 0.0067 - perplexity: 1.0068 - lr: 0.0001
2023-01-30 03:34:50,133:INFO: - Eval: BLEU-4 98.30 - EM 91.91 - Edit 98.02 - perplexity -1.02
2023-01-30 03:34:50,134:INFO: - New best score (-1.02)!
2023-01-30 03:34:51,891:INFO: - Saved model in results/clean-RDKit-100K/model.weights/
2023-01-30 03:34:51,891:INFO: - Elapsed time: 1534.41, lr: 0.00010
2023-01-30 03:34:51,892:INFO: Epoch 27/30
2023-01-30 03:57:48,697:INFO: - Training:  - 1376s - loss: 0.0057 - perplexity: 1.0057 - lr: 0.0001
2023-01-30 04:00:17,504:INFO: - Eval: BLEU-4 98.23 - EM 92.08 - Edit 98.05 - perplexity -1.02
2023-01-30 04:00:17,505:INFO: - Elapsed time: 1525.61, lr: 0.00010
2023-01-30 04:00:17,505:INFO: Epoch 28/30
2023-01-30 04:23:16,273:INFO: - Training:  - 1378s - loss: 0.0058 - perplexity: 1.0058 - lr: 0.0001
2023-01-30 04:25:49,411:INFO: - Eval: BLEU-4 98.30 - EM 92.27 - Edit 98.00 - perplexity -1.02
2023-01-30 04:25:49,412:INFO: - Elapsed time: 1531.91, lr: 0.00010
2023-01-30 04:25:49,412:INFO: Epoch 29/30
2023-01-30 04:48:50,333:INFO: - Training:  - 1380s - loss: 0.0058 - perplexity: 1.0058 - lr: 0.0001
2023-01-30 04:51:22,302:INFO: - Eval: BLEU-4 97.54 - EM 89.86 - Edit 97.33 - perplexity -1.02
2023-01-30 04:51:22,303:INFO: - Elapsed time: 1532.89, lr: 0.00010
2023-01-30 04:51:22,304:INFO: Epoch 30/30
2023-01-30 05:14:23,465:INFO: - Training:  - 1381s - loss: 0.0054 - perplexity: 1.0054 - lr: 0.0001
2023-01-30 05:16:56,397:INFO: - Eval: BLEU-4 98.46 - EM 92.76 - Edit 98.11 - perplexity -1.02
2023-01-30 05:16:56,399:INFO: - New best score (-1.02)!
2023-01-30 05:16:57,677:INFO: - Saved model in results/clean-RDKit-100K/model.weights/
2023-01-30 05:16:57,678:INFO: - Elapsed time: 1535.37, lr: 0.00010
2023-01-30 20:48:52,522:INFO: Building model...
2023-01-30 20:48:55,322:INFO: - done.
2023-01-30 20:48:55,323:INFO: Reloading the latest trained model...
2023-01-30 20:48:55,325:INFO: Restoring parameters from results/clean-RDKit-100K/model.weights/
2023-01-30 20:51:40,437:INFO: - Test Txt: BLEU-4 98.41 - EM 92.45 - Edit 98.09 - perplexity -1.02
2023-01-30 23:09:56,154:INFO: Building model...
2023-01-30 23:09:56,414:WARNING: From Z:\FYP\im2smilesv2\model\decoder.py:58: dynamic_rnn (from tensorflow.python.ops.rnn) is deprecated and will be removed in a future version.
Instructions for updating:
Please use `keras.layers.RNN(cell)`, which is equivalent to this API
2023-01-30 23:09:56,444:WARNING: From C:\Users\Yuriy\AppData\Roaming\Python\Python39\site-packages\tensorflow\python\keras\layers\legacy_rnn\rnn_cell_impl.py:991: calling Zeros.__init__ (from tensorflow.python.ops.init_ops) with dtype is deprecated and will be removed in a future version.
Instructions for updating:
Call initializer instance with the dtype argument instead of passing it to the constructor
2023-01-30 23:09:56,918:WARNING: From Z:\FYP\im2smilesv2\model\components\dynamic_decode.py:58: calling while_loop_v2 (from tensorflow.python.ops.control_flow_ops) with back_prop=False is deprecated and will be removed in a future version.
Instructions for updating:
back_prop=False is deprecated. Consider using tf.stop_gradient instead.
Instead of:
results = tf.while_loop(c, b, vars, back_prop=False)
Use:
results = tf.nest.map_structure(tf.stop_gradient, tf.while_loop(c, b, vars))
2023-01-30 23:10:00,409:INFO: - done.
2023-01-30 23:10:00,410:INFO: Reloading the latest trained model...
2023-01-30 23:10:00,411:INFO: Restoring parameters from results/clean-RDKit-100K/model.weights/
2023-01-30 23:10:00,902:INFO: 
This is an interactive mode.
To exit, enter 'exit'.
Enter a path to a file
input> data/images_test/0.png
2023-01-30 23:12:27,087:INFO: Building model...
2023-01-30 23:12:27,087:INFO: Building model...
2023-01-30 23:12:28,144:INFO: - done.
2023-01-30 23:12:28,144:INFO: - done.
2023-01-30 23:12:28,145:INFO: Reloading the latest trained model...
2023-01-30 23:12:28,145:INFO: Reloading the latest trained model...
2023-01-30 23:12:28,146:INFO: Restoring parameters from results/clean-RDKit-100K/model.weights/
2023-01-30 23:12:28,146:INFO: Restoring parameters from results/clean-RDKit-100K/model.weights/
2023-01-30 23:12:28,463:INFO: 
This is an interactive mode.
To exit, enter 'exit'.
Enter a path to a file
input> data/images_test/0.png
2023-01-30 23:12:28,463:INFO: 
This is an interactive mode.
To exit, enter 'exit'.
Enter a path to a file
input> data/images_test/0.png
2023-01-30 23:13:07,301:INFO: Building model...
2023-01-30 23:13:07,301:INFO: Building model...
2023-01-30 23:13:07,301:INFO: Building model...
2023-01-30 23:13:08,130:INFO: - done.
2023-01-30 23:13:08,130:INFO: - done.
2023-01-30 23:13:08,130:INFO: - done.
2023-01-30 23:13:08,131:INFO: Reloading the latest trained model...
2023-01-30 23:13:08,131:INFO: Reloading the latest trained model...
2023-01-30 23:13:08,131:INFO: Reloading the latest trained model...
2023-01-30 23:13:08,132:INFO: Restoring parameters from results/clean-RDKit-100K/model.weights/
2023-01-30 23:13:08,132:INFO: Restoring parameters from results/clean-RDKit-100K/model.weights/
2023-01-30 23:13:08,132:INFO: Restoring parameters from results/clean-RDKit-100K/model.weights/
2023-01-30 23:13:08,270:INFO: 
This is an interactive mode.
To exit, enter 'exit'.
Enter a path to a file
input> data/images_test/0.png
2023-01-30 23:13:08,270:INFO: 
This is an interactive mode.
To exit, enter 'exit'.
Enter a path to a file
input> data/images_test/0.png
2023-01-30 23:13:08,270:INFO: 
This is an interactive mode.
To exit, enter 'exit'.
Enter a path to a file
input> data/images_test/0.png
2023-01-30 23:13:13,471:INFO: C#CC(=C)CC1CC=CC1(C)C
2023-01-30 23:13:13,471:INFO: C#CC(=C)CC1CC=CC1(C)C
2023-01-30 23:13:13,471:INFO: C#CC(=C)CC1CC=CC1(C)C
2023-01-30 23:14:44,157:INFO: CCC(C)=CC1CC(C)C(C)C1
2023-01-30 23:14:44,157:INFO: CCC(C)=CC1CC(C)C(C)C1
2023-01-30 23:14:44,157:INFO: CCC(C)=CC1CC(C)C(C)C1
2023-02-07 19:13:42,713:INFO: Building model...
2023-02-07 19:13:43,149:WARNING: From Z:\FYP\im2smilesv2\model\decoder.py:58: dynamic_rnn (from tensorflow.python.ops.rnn) is deprecated and will be removed in a future version.
Instructions for updating:
Please use `keras.layers.RNN(cell)`, which is equivalent to this API
2023-02-07 19:13:43,190:WARNING: From C:\Users\Yuriy\AppData\Roaming\Python\Python39\site-packages\tensorflow\python\keras\layers\legacy_rnn\rnn_cell_impl.py:991: calling Zeros.__init__ (from tensorflow.python.ops.init_ops) with dtype is deprecated and will be removed in a future version.
Instructions for updating:
Call initializer instance with the dtype argument instead of passing it to the constructor
2023-02-07 19:13:43,771:WARNING: From Z:\FYP\im2smilesv2\model\components\dynamic_decode.py:58: calling while_loop_v2 (from tensorflow.python.ops.control_flow_ops) with back_prop=False is deprecated and will be removed in a future version.
Instructions for updating:
back_prop=False is deprecated. Consider using tf.stop_gradient instead.
Instead of:
results = tf.while_loop(c, b, vars, back_prop=False)
Use:
results = tf.nest.map_structure(tf.stop_gradient, tf.while_loop(c, b, vars))
2023-02-07 19:13:48,807:INFO: - done.
2023-02-07 19:13:48,808:INFO: Reloading the latest trained model...
2023-02-07 19:13:48,811:INFO: Restoring parameters from results/clean-RDKit-100K/model.weights/
2023-02-07 19:13:49,210:INFO: 
This is an interactive mode.
To exit, enter 'exit'.
Enter a path to a file
input> data/images_test/0.png
2023-02-07 22:54:18,865:INFO: Building model...
2023-02-07 22:54:19,410:WARNING: From Z:\FYP\im2smilesv2\model\decoder.py:58: dynamic_rnn (from tensorflow.python.ops.rnn) is deprecated and will be removed in a future version.
Instructions for updating:
Please use `keras.layers.RNN(cell)`, which is equivalent to this API
2023-02-07 22:54:19,450:WARNING: From C:\Users\Yuriy\AppData\Roaming\Python\Python39\site-packages\tensorflow\python\keras\layers\legacy_rnn\rnn_cell_impl.py:991: calling Zeros.__init__ (from tensorflow.python.ops.init_ops) with dtype is deprecated and will be removed in a future version.
Instructions for updating:
Call initializer instance with the dtype argument instead of passing it to the constructor
2023-02-07 22:54:19,991:WARNING: From Z:\FYP\im2smilesv2\model\components\dynamic_decode.py:58: calling while_loop_v2 (from tensorflow.python.ops.control_flow_ops) with back_prop=False is deprecated and will be removed in a future version.
Instructions for updating:
back_prop=False is deprecated. Consider using tf.stop_gradient instead.
Instead of:
results = tf.while_loop(c, b, vars, back_prop=False)
Use:
results = tf.nest.map_structure(tf.stop_gradient, tf.while_loop(c, b, vars))
2023-02-07 22:54:22,103:INFO: - done.
2023-02-07 22:54:22,104:INFO: Reloading the latest trained model...
2023-02-07 22:54:22,105:INFO: Restoring parameters from results/clean-RDKit-100K/model.weights/
2023-02-07 22:55:39,186:INFO: Building model...
2023-02-07 22:55:39,555:WARNING: From Z:\FYP\im2smilesv2\model\decoder.py:58: dynamic_rnn (from tensorflow.python.ops.rnn) is deprecated and will be removed in a future version.
Instructions for updating:
Please use `keras.layers.RNN(cell)`, which is equivalent to this API
2023-02-07 22:55:39,587:WARNING: From C:\Users\Yuriy\AppData\Roaming\Python\Python39\site-packages\tensorflow\python\keras\layers\legacy_rnn\rnn_cell_impl.py:991: calling Zeros.__init__ (from tensorflow.python.ops.init_ops) with dtype is deprecated and will be removed in a future version.
Instructions for updating:
Call initializer instance with the dtype argument instead of passing it to the constructor
2023-02-07 22:55:39,758:WARNING: From Z:\FYP\im2smilesv2\model\components\dynamic_decode.py:58: calling while_loop_v2 (from tensorflow.python.ops.control_flow_ops) with back_prop=False is deprecated and will be removed in a future version.
Instructions for updating:
back_prop=False is deprecated. Consider using tf.stop_gradient instead.
Instead of:
results = tf.while_loop(c, b, vars, back_prop=False)
Use:
results = tf.nest.map_structure(tf.stop_gradient, tf.while_loop(c, b, vars))
2023-02-07 22:55:41,041:INFO: - done.
2023-02-07 22:55:41,042:INFO: Reloading the latest trained model...
2023-02-07 22:55:41,043:INFO: Restoring parameters from results/clean-RDKit-100K/model.weights/
2023-02-07 22:55:52,688:INFO: [31m[1mWARNING: This is a development server. Do not use it in a production deployment. Use a production WSGI server instead.[0m
 * Running on http://127.0.0.1:5000
2023-02-07 22:55:52,689:INFO: [33mPress CTRL+C to quit[0m
2023-02-07 22:55:52,693:INFO:  * Restarting with stat
2023-02-07 22:57:35,804:INFO: [31m[1mWARNING: This is a development server. Do not use it in a production deployment. Use a production WSGI server instead.[0m
 * Running on http://127.0.0.1:5000
2023-02-07 22:57:35,804:INFO: [33mPress CTRL+C to quit[0m
2023-02-07 23:06:29,977:INFO: Building model...
2023-02-07 23:06:30,347:WARNING: From Z:\FYP\im2smilesv2\model\decoder.py:58: dynamic_rnn (from tensorflow.python.ops.rnn) is deprecated and will be removed in a future version.
Instructions for updating:
Please use `keras.layers.RNN(cell)`, which is equivalent to this API
2023-02-07 23:06:30,378:WARNING: From C:\Users\Yuriy\AppData\Roaming\Python\Python39\site-packages\tensorflow\python\keras\layers\legacy_rnn\rnn_cell_impl.py:991: calling Zeros.__init__ (from tensorflow.python.ops.init_ops) with dtype is deprecated and will be removed in a future version.
Instructions for updating:
Call initializer instance with the dtype argument instead of passing it to the constructor
2023-02-07 23:06:30,546:WARNING: From Z:\FYP\im2smilesv2\model\components\dynamic_decode.py:58: calling while_loop_v2 (from tensorflow.python.ops.control_flow_ops) with back_prop=False is deprecated and will be removed in a future version.
Instructions for updating:
back_prop=False is deprecated. Consider using tf.stop_gradient instead.
Instead of:
results = tf.while_loop(c, b, vars, back_prop=False)
Use:
results = tf.nest.map_structure(tf.stop_gradient, tf.while_loop(c, b, vars))
2023-02-07 23:06:31,739:INFO: - done.
2023-02-07 23:06:31,739:INFO: Reloading the latest trained model...
2023-02-07 23:06:31,740:INFO: Restoring parameters from results/clean-RDKit-100K/model.weights/
2023-02-07 23:06:35,085:INFO: [31m[1mWARNING: This is a development server. Do not use it in a production deployment. Use a production WSGI server instead.[0m
 * Running on http://127.0.0.1:5000
2023-02-07 23:06:35,086:INFO: [33mPress CTRL+C to quit[0m
2023-02-07 23:06:35,088:INFO:  * Restarting with stat
2023-02-07 23:11:56,972:INFO: Building model...
2023-02-07 23:11:57,340:WARNING: From Z:\FYP\im2smilesv2\model\decoder.py:58: dynamic_rnn (from tensorflow.python.ops.rnn) is deprecated and will be removed in a future version.
Instructions for updating:
Please use `keras.layers.RNN(cell)`, which is equivalent to this API
2023-02-07 23:11:57,374:WARNING: From C:\Users\Yuriy\AppData\Roaming\Python\Python39\site-packages\tensorflow\python\keras\layers\legacy_rnn\rnn_cell_impl.py:991: calling Zeros.__init__ (from tensorflow.python.ops.init_ops) with dtype is deprecated and will be removed in a future version.
Instructions for updating:
Call initializer instance with the dtype argument instead of passing it to the constructor
2023-02-07 23:11:57,540:WARNING: From Z:\FYP\im2smilesv2\model\components\dynamic_decode.py:58: calling while_loop_v2 (from tensorflow.python.ops.control_flow_ops) with back_prop=False is deprecated and will be removed in a future version.
Instructions for updating:
back_prop=False is deprecated. Consider using tf.stop_gradient instead.
Instead of:
results = tf.while_loop(c, b, vars, back_prop=False)
Use:
results = tf.nest.map_structure(tf.stop_gradient, tf.while_loop(c, b, vars))
2023-02-07 23:11:58,739:INFO: - done.
2023-02-07 23:11:58,740:INFO: Reloading the latest trained model...
2023-02-07 23:11:58,740:INFO: Restoring parameters from results/clean-RDKit-100K/model.weights/
2023-02-07 23:12:04,173:INFO: [31m[1mWARNING: This is a development server. Do not use it in a production deployment. Use a production WSGI server instead.[0m
 * Running on http://127.0.0.1:5000
2023-02-07 23:12:04,174:INFO: [33mPress CTRL+C to quit[0m
2023-02-07 23:12:04,176:INFO:  * Restarting with stat
2023-02-07 23:12:13,633:INFO: [31m[1mWARNING: This is a development server. Do not use it in a production deployment. Use a production WSGI server instead.[0m
 * Running on http://127.0.0.1:5000
2023-02-07 23:12:13,634:INFO: [33mPress CTRL+C to quit[0m
2023-02-07 23:12:13,635:INFO:  * Restarting with stat
2023-02-07 23:12:28,551:INFO: [31m[1mWARNING: This is a development server. Do not use it in a production deployment. Use a production WSGI server instead.[0m
 * Running on http://127.0.0.1:5000
2023-02-07 23:12:28,552:INFO: [33mPress CTRL+C to quit[0m
2023-02-07 23:12:28,552:INFO:  * Restarting with stat
