2023-01-28 02:32:26,857:INFO: Building model...
2023-01-28 02:32:28,064:INFO: - done.
2023-01-28 02:32:28,064:INFO: Epoch 1/30
2023-01-28 07:57:22,758:INFO: - Training:  - 19494s - loss: 0.8046 - perplexity: 2.2781 - lr: 0.0001
2023-01-28 08:29:08,426:INFO: - Eval: BLEU-4 50.27 - EM 0.00 - Edit 64.30 - perplexity -1.85
2023-01-28 08:29:08,427:INFO: - New best score (-1.85)!
2023-01-28 08:29:09,650:INFO: - Saved model in results/clean-RDKit-50K/model.weights/
2023-01-28 08:29:09,650:INFO: - Elapsed time: 21401.59, lr: 0.00010
2023-01-28 08:29:09,651:INFO: Epoch 2/30
2023-01-28 13:52:26,966:INFO: - Training:  - 19397s - loss: 0.4904 - perplexity: 1.6373 - lr: 0.0001
2023-01-28 14:23:54,027:INFO: - Eval: BLEU-4 63.38 - EM 1.06 - Edit 71.43 - perplexity -1.50
2023-01-28 14:23:54,030:INFO: - New best score (-1.50)!
2023-01-28 14:23:55,222:INFO: - Saved model in results/clean-RDKit-50K/model.weights/
2023-01-28 14:23:55,223:INFO: - Elapsed time: 21285.57, lr: 0.00010
2023-01-28 14:23:55,223:INFO: Epoch 3/30
2023-01-28 19:32:33,571:INFO: Building model...
2023-01-28 19:35:41,873:INFO: Building model...
2023-01-28 19:35:41,873:INFO: Building model...
2023-01-28 19:37:29,599:INFO: Building model...
2023-01-28 19:37:29,599:INFO: Building model...
2023-01-28 19:37:29,599:INFO: Building model...
2023-01-28 19:39:29,395:INFO: Building model...
2023-01-28 19:39:29,395:INFO: Building model...
2023-01-28 19:39:29,395:INFO: Building model...
2023-01-28 19:39:29,395:INFO: Building model...
2023-01-28 19:42:14,386:INFO: Building model...
2023-01-28 19:42:14,386:INFO: Building model...
2023-01-28 19:42:14,386:INFO: Building model...
2023-01-28 19:42:14,386:INFO: Building model...
2023-01-28 19:42:14,386:INFO: Building model...
2023-01-28 19:43:51,119:INFO: Building model...
2023-01-28 19:43:51,119:INFO: Building model...
2023-01-28 19:43:51,119:INFO: Building model...
2023-01-28 19:43:51,119:INFO: Building model...
2023-01-28 19:43:51,119:INFO: Building model...
2023-01-28 19:43:51,119:INFO: Building model...
2023-01-28 19:45:28,004:INFO: Building model...
2023-01-28 19:48:11,687:INFO: Building model...
2023-01-28 19:52:22,770:INFO: Building model...
2023-01-28 20:02:23,532:INFO: Building model...
2023-01-28 20:05:14,411:INFO: Building model...
2023-01-28 20:06:24,755:INFO: Building model...
2023-01-28 20:06:24,755:INFO: Building model...
2023-01-28 23:03:48,625:INFO: Building model...
2023-01-28 23:03:52,876:INFO: - done.
2023-01-28 23:03:52,878:INFO: Epoch 1/30
2023-01-28 23:17:42,375:INFO: - Training:  - 829s - loss: 0.8653 - perplexity: 2.4095 - lr: 0.0001
2023-01-28 23:18:56,267:INFO: - Eval: BLEU-4 41.88 - EM 0.00 - Edit 62.19 - perplexity -1.93
2023-01-28 23:18:56,268:INFO: - New best score (-1.93)!
2023-01-28 23:18:57,619:INFO: - Saved model in results/clean-RDKit-50K/model.weights/
2023-01-28 23:18:57,619:INFO: - Elapsed time: 904.74, lr: 0.00010
2023-01-28 23:18:57,620:INFO: Epoch 2/30
2023-01-28 23:30:17,724:INFO: - Training:  - 680s - loss: 0.5528 - perplexity: 1.7428 - lr: 0.0001
2023-01-28 23:31:27,813:INFO: - Eval: BLEU-4 58.31 - EM 0.32 - Edit 68.04 - perplexity -1.64
2023-01-28 23:31:27,813:INFO: - New best score (-1.64)!
2023-01-28 23:31:29,014:INFO: - Saved model in results/clean-RDKit-50K/model.weights/
2023-01-28 23:31:29,015:INFO: - Elapsed time: 751.39, lr: 0.00010
2023-01-28 23:31:29,015:INFO: Epoch 3/30
2023-01-28 23:42:50,583:INFO: - Training:  - 681s - loss: 0.3552 - perplexity: 1.4289 - lr: 0.0001
2023-01-28 23:44:01,853:INFO: - Eval: BLEU-4 73.31 - EM 8.34 - Edit 76.56 - perplexity -1.32
2023-01-28 23:44:01,854:INFO: - New best score (-1.32)!
2023-01-28 23:44:03,058:INFO: - Saved model in results/clean-RDKit-50K/model.weights/
2023-01-28 23:44:03,058:INFO: - Elapsed time: 754.04, lr: 0.00010
2023-01-28 23:44:03,059:INFO: Epoch 4/30
2023-01-28 23:55:24,420:INFO: - Training:  - 681s - loss: 0.2335 - perplexity: 1.2641 - lr: 0.0001
2023-01-28 23:56:37,434:INFO: - Eval: BLEU-4 80.22 - EM 21.19 - Edit 81.48 - perplexity -1.23
2023-01-28 23:56:37,435:INFO: - New best score (-1.23)!
2023-01-28 23:56:38,639:INFO: - Saved model in results/clean-RDKit-50K/model.weights/
2023-01-28 23:56:38,640:INFO: - Elapsed time: 755.58, lr: 0.00010
2023-01-28 23:56:38,640:INFO: Epoch 5/30
2023-01-29 00:08:02,806:INFO: - Training:  - 684s - loss: 0.1706 - perplexity: 1.1868 - lr: 0.0001
2023-01-29 00:09:16,199:INFO: - Eval: BLEU-4 84.09 - EM 28.45 - Edit 84.83 - perplexity -1.19
2023-01-29 00:09:16,200:INFO: - New best score (-1.19)!
2023-01-29 00:09:17,512:INFO: - Saved model in results/clean-RDKit-50K/model.weights/
2023-01-29 00:09:17,513:INFO: - Elapsed time: 758.87, lr: 0.00010
2023-01-29 00:09:17,513:INFO: Epoch 6/30
2023-01-29 00:20:40,852:INFO: - Training:  - 683s - loss: 0.1307 - perplexity: 1.1402 - lr: 0.0001
2023-01-29 00:21:53,958:INFO: - Eval: BLEU-4 88.05 - EM 45.11 - Edit 88.13 - perplexity -1.13
2023-01-29 00:21:53,959:INFO: - New best score (-1.13)!
2023-01-29 00:21:55,169:INFO: - Saved model in results/clean-RDKit-50K/model.weights/
2023-01-29 00:21:55,170:INFO: - Elapsed time: 757.66, lr: 0.00010
2023-01-29 00:21:55,170:INFO: Epoch 7/30
2023-01-29 00:33:18,040:INFO: - Training:  - 682s - loss: 0.1021 - perplexity: 1.1080 - lr: 0.0001
2023-01-29 00:34:30,299:INFO: - Eval: BLEU-4 89.95 - EM 50.56 - Edit 89.78 - perplexity -1.11
2023-01-29 00:34:30,300:INFO: - New best score (-1.11)!
2023-01-29 00:34:32,240:INFO: - Saved model in results/clean-RDKit-50K/model.weights/
2023-01-29 00:34:32,240:INFO: - Elapsed time: 757.07, lr: 0.00010
2023-01-29 00:34:32,241:INFO: Epoch 8/30
2023-01-29 00:45:55,110:INFO: - Training:  - 682s - loss: 0.0826 - perplexity: 1.0865 - lr: 0.0001
2023-01-29 00:47:08,496:INFO: - Eval: BLEU-4 91.43 - EM 55.76 - Edit 91.03 - perplexity -1.10
2023-01-29 00:47:08,497:INFO: - New best score (-1.10)!
2023-01-29 00:47:09,627:INFO: - Saved model in results/clean-RDKit-50K/model.weights/
2023-01-29 00:47:09,628:INFO: - Elapsed time: 757.39, lr: 0.00010
2023-01-29 00:47:09,628:INFO: Epoch 9/30
2023-01-29 00:58:39,547:INFO: - Training:  - 689s - loss: 0.0672 - perplexity: 1.0698 - lr: 0.0001
2023-01-29 00:59:52,090:INFO: - Eval: BLEU-4 91.37 - EM 59.20 - Edit 91.50 - perplexity -1.09
2023-01-29 00:59:52,091:INFO: - New best score (-1.09)!
2023-01-29 00:59:53,751:INFO: - Saved model in results/clean-RDKit-50K/model.weights/
2023-01-29 00:59:53,752:INFO: - Elapsed time: 764.12, lr: 0.00010
2023-01-29 00:59:53,752:INFO: Epoch 10/30
2023-01-29 01:11:23,445:INFO: - Training:  - 689s - loss: 0.0553 - perplexity: 1.0571 - lr: 0.0001
2023-01-29 01:12:35,131:INFO: - Eval: BLEU-4 91.34 - EM 59.79 - Edit 91.86 - perplexity -1.09
2023-01-29 01:12:35,132:INFO: - Elapsed time: 761.38, lr: 0.00010
2023-01-29 01:12:35,133:INFO: Epoch 11/30
2023-01-29 01:24:02,235:INFO: - Training:  - 687s - loss: 0.0468 - perplexity: 1.0481 - lr: 0.0001
2023-01-29 01:25:15,567:INFO: - Eval: BLEU-4 93.26 - EM 69.42 - Edit 93.27 - perplexity -1.07
2023-01-29 01:25:15,568:INFO: - New best score (-1.07)!
2023-01-29 01:25:16,772:INFO: - Saved model in results/clean-RDKit-50K/model.weights/
2023-01-29 01:25:16,773:INFO: - Elapsed time: 761.64, lr: 0.00010
2023-01-29 01:25:16,774:INFO: Epoch 12/30
2023-01-29 01:36:44,092:INFO: - Training:  - 687s - loss: 0.0411 - perplexity: 1.0422 - lr: 0.0001
2023-01-29 01:37:58,150:INFO: - Eval: BLEU-4 94.72 - EM 74.37 - Edit 94.27 - perplexity -1.06
2023-01-29 01:37:58,151:INFO: - New best score (-1.06)!
2023-01-29 01:37:59,330:INFO: - Saved model in results/clean-RDKit-50K/model.weights/
2023-01-29 01:37:59,331:INFO: - Elapsed time: 762.56, lr: 0.00010
2023-01-29 01:37:59,332:INFO: Epoch 13/30
2023-01-29 01:49:25,176:INFO: - Training:  - 685s - loss: 0.0366 - perplexity: 1.0375 - lr: 0.0001
2023-01-29 01:50:40,590:INFO: - Eval: BLEU-4 94.90 - EM 73.41 - Edit 94.27 - perplexity -1.06
2023-01-29 01:50:40,590:INFO: - Elapsed time: 761.26, lr: 0.00010
2023-01-29 01:50:40,591:INFO: Epoch 14/30
2023-01-29 02:02:06,023:INFO: - Training:  - 685s - loss: 0.0295 - perplexity: 1.0301 - lr: 0.0001
2023-01-29 02:03:21,628:INFO: - Eval: BLEU-4 95.71 - EM 78.11 - Edit 95.11 - perplexity -1.05
2023-01-29 02:03:21,629:INFO: - New best score (-1.05)!
2023-01-29 02:03:22,901:INFO: - Saved model in results/clean-RDKit-50K/model.weights/
2023-01-29 02:03:22,902:INFO: - Elapsed time: 762.31, lr: 0.00010
2023-01-29 02:03:22,902:INFO: Epoch 15/30
2023-01-29 02:14:49,031:INFO: - Training:  - 686s - loss: 0.0280 - perplexity: 1.0285 - lr: 0.0001
2023-01-29 02:16:03,841:INFO: - Eval: BLEU-4 95.24 - EM 76.31 - Edit 94.67 - perplexity -1.06
2023-01-29 02:16:03,842:INFO: - Elapsed time: 760.94, lr: 0.00010
2023-01-29 02:16:03,843:INFO: Epoch 16/30
2023-01-29 02:27:31,061:INFO: - Training:  - 687s - loss: 0.0269 - perplexity: 1.0274 - lr: 0.0001
2023-01-29 02:28:45,528:INFO: - Eval: BLEU-4 95.67 - EM 78.51 - Edit 95.18 - perplexity -1.05
2023-01-29 02:28:45,528:INFO: - New best score (-1.05)!
2023-01-29 02:28:46,744:INFO: - Saved model in results/clean-RDKit-50K/model.weights/
2023-01-29 02:28:46,745:INFO: - Elapsed time: 762.90, lr: 0.00010
2023-01-29 02:28:46,746:INFO: Epoch 17/30
2023-01-29 02:40:22,361:INFO: - Training:  - 695s - loss: 0.0214 - perplexity: 1.0217 - lr: 0.0001
2023-01-29 02:41:39,353:INFO: - Eval: BLEU-4 94.58 - EM 74.40 - Edit 94.12 - perplexity -1.06
2023-01-29 02:41:39,353:INFO: - Elapsed time: 772.61, lr: 0.00010
2023-01-29 02:41:39,354:INFO: Epoch 18/30
2023-01-29 02:53:19,422:INFO: - Training:  - 700s - loss: 0.0194 - perplexity: 1.0197 - lr: 0.0001
2023-01-29 02:54:37,432:INFO: - Eval: BLEU-4 96.17 - EM 80.47 - Edit 95.54 - perplexity -1.05
2023-01-29 02:54:37,433:INFO: - New best score (-1.05)!
2023-01-29 02:54:38,579:INFO: - Saved model in results/clean-RDKit-50K/model.weights/
2023-01-29 02:54:38,579:INFO: - Elapsed time: 779.22, lr: 0.00010
2023-01-29 02:54:38,580:INFO: Epoch 19/30
2023-01-29 03:07:54,598:INFO: - Training:  - 796s - loss: 0.0195 - perplexity: 1.0198 - lr: 0.0001
2023-01-29 03:10:33,338:INFO: - Eval: BLEU-4 95.42 - EM 76.80 - Edit 94.67 - perplexity -1.06
2023-01-29 03:10:33,339:INFO: - Elapsed time: 954.76, lr: 0.00010
2023-01-29 03:10:33,339:INFO: Epoch 20/30
2023-01-29 03:27:41,607:INFO: - Training:  - 1028s - loss: 0.0168 - perplexity: 1.0170 - lr: 0.0001
2023-01-29 03:30:13,623:INFO: - Eval: BLEU-4 95.82 - EM 78.98 - Edit 95.31 - perplexity -1.05
2023-01-29 03:30:13,623:INFO: - Elapsed time: 1180.28, lr: 0.00010
2023-01-29 03:30:13,624:INFO: Epoch 21/30
2023-01-29 03:47:10,012:INFO: - Training:  - 1016s - loss: 0.0155 - perplexity: 1.0157 - lr: 0.0001
2023-01-29 03:49:32,574:INFO: - Eval: BLEU-4 94.09 - EM 73.88 - Edit 94.11 - perplexity -1.06
2023-01-29 03:49:32,575:INFO: - Elapsed time: 1158.95, lr: 0.00010
2023-01-29 03:49:32,575:INFO: Epoch 22/30
2023-01-29 04:06:30,355:INFO: - Training:  - 1017s - loss: 0.0141 - perplexity: 1.0142 - lr: 0.0001
2023-01-29 04:09:05,615:INFO: - Eval: BLEU-4 95.14 - EM 77.64 - Edit 94.78 - perplexity -1.05
2023-01-29 04:09:05,616:INFO: - Elapsed time: 1173.04, lr: 0.00010
2023-01-29 04:09:05,616:INFO: Epoch 23/30
2023-01-29 04:25:59,230:INFO: - Training:  - 1013s - loss: 0.0137 - perplexity: 1.0138 - lr: 0.0001
2023-01-29 04:28:28,943:INFO: - Eval: BLEU-4 95.74 - EM 80.19 - Edit 95.38 - perplexity -1.05
2023-01-29 04:28:28,943:INFO: - Elapsed time: 1163.33, lr: 0.00010
2023-01-29 04:28:28,944:INFO: Epoch 24/30
2023-01-29 04:45:29,073:INFO: - Training:  - 1020s - loss: 0.0142 - perplexity: 1.0144 - lr: 0.0001
2023-01-29 04:47:59,297:INFO: - Eval: BLEU-4 96.89 - EM 84.97 - Edit 96.46 - perplexity -1.03
2023-01-29 04:47:59,298:INFO: - New best score (-1.03)!
2023-01-29 04:48:00,757:INFO: - Saved model in results/clean-RDKit-50K/model.weights/
2023-01-29 04:48:00,758:INFO: - Elapsed time: 1171.81, lr: 0.00010
2023-01-29 04:48:00,758:INFO: Epoch 25/30
2023-01-29 05:04:55,371:INFO: - Training:  - 1014s - loss: 0.0114 - perplexity: 1.0115 - lr: 0.0001
2023-01-29 05:07:24,735:INFO: - Eval: BLEU-4 96.45 - EM 82.40 - Edit 96.02 - perplexity -1.04
2023-01-29 05:07:24,736:INFO: - Elapsed time: 1163.98, lr: 0.00010
2023-01-29 05:07:24,737:INFO: Epoch 26/30
2023-01-29 05:24:26,483:INFO: - Training:  - 1021s - loss: 0.0098 - perplexity: 1.0099 - lr: 0.0001
2023-01-29 05:26:56,808:INFO: - Eval: BLEU-4 96.76 - EM 84.45 - Edit 96.29 - perplexity -1.04
2023-01-29 05:26:56,809:INFO: - Elapsed time: 1172.07, lr: 0.00010
2023-01-29 05:26:56,809:INFO: Epoch 27/30
2023-01-29 05:44:00,129:INFO: - Training:  - 1023s - loss: 0.0104 - perplexity: 1.0105 - lr: 0.0001
2023-01-29 05:46:33,477:INFO: - Eval: BLEU-4 96.66 - EM 84.23 - Edit 96.25 - perplexity -1.04
2023-01-29 05:46:33,477:INFO: - Elapsed time: 1176.67, lr: 0.00010
2023-01-29 05:46:33,478:INFO: Epoch 28/30
2023-01-29 06:03:28,081:INFO: - Training:  - 1014s - loss: 0.0097 - perplexity: 1.0098 - lr: 0.0001
2023-01-29 06:05:51,263:INFO: - Eval: BLEU-4 96.16 - EM 81.75 - Edit 95.83 - perplexity -1.04
2023-01-29 06:05:51,264:INFO: - Elapsed time: 1157.79, lr: 0.00010
2023-01-29 06:05:51,264:INFO: Epoch 29/30
2023-01-29 06:22:49,746:INFO: - Training:  - 1018s - loss: 0.0092 - perplexity: 1.0093 - lr: 0.0001
2023-01-29 06:25:19,273:INFO: - Eval: BLEU-4 96.67 - EM 84.45 - Edit 96.46 - perplexity -1.04
2023-01-29 06:25:19,273:INFO: - Elapsed time: 1168.01, lr: 0.00010
2023-01-29 06:25:19,274:INFO: Epoch 30/30
2023-01-29 06:42:10,323:INFO: - Training:  - 1011s - loss: 0.0089 - perplexity: 1.0090 - lr: 0.0001
2023-01-29 06:44:40,849:INFO: - Eval: BLEU-4 97.03 - EM 85.54 - Edit 96.62 - perplexity -1.03
2023-01-29 06:44:40,850:INFO: - Elapsed time: 1161.58, lr: 0.00010
2023-01-29 16:11:57,381:INFO: Building model...
2023-01-29 16:12:00,260:INFO: - done.
2023-01-29 16:12:00,261:INFO: Reloading the latest trained model...
2023-01-29 16:12:00,262:INFO: Restoring parameters from results/clean-RDKit-50K/model.weights/
2023-01-29 16:13:21,749:INFO: - Test Txt: BLEU-4 96.93 - EM 84.96 - Edit 96.56 - perplexity -1.04
2023-01-29 16:18:57,009:INFO: Building model...
2023-01-29 16:19:00,109:INFO: - done.
2023-01-29 16:19:00,111:INFO: Epoch 1/30
2023-01-29 16:41:56,252:INFO: - Training:  - 1376s - loss: 0.6618 - perplexity: 1.9951 - lr: 0.0001
2023-01-29 16:44:29,719:INFO: - Eval: BLEU-4 64.34 - EM 1.55 - Edit 71.41 - perplexity -1.48
2023-01-29 16:44:29,720:INFO: - New best score (-1.48)!
2023-01-29 16:44:31,030:INFO: - Saved model in results/clean-RDKit-100K/model.weights/
2023-01-29 16:44:31,031:INFO: - Elapsed time: 1530.92, lr: 0.00010
2023-01-29 16:44:31,032:INFO: Epoch 2/30
2023-01-29 17:07:31,075:INFO: - Training:  - 1380s - loss: 0.2543 - perplexity: 1.2927 - lr: 0.0001
2023-01-29 17:09:56,117:INFO: - Eval: BLEU-4 82.32 - EM 26.30 - Edit 83.69 - perplexity -1.20
2023-01-29 17:09:56,118:INFO: - New best score (-1.20)!
2023-01-29 17:09:57,378:INFO: - Saved model in results/clean-RDKit-100K/model.weights/
2023-01-29 17:09:57,379:INFO: - Elapsed time: 1526.35, lr: 0.00010
2023-01-29 17:09:57,379:INFO: Epoch 3/30
2023-01-29 17:32:56,384:INFO: - Training:  - 1379s - loss: 0.1305 - perplexity: 1.1403 - lr: 0.0001
2023-01-29 17:35:21,140:INFO: - Eval: BLEU-4 89.26 - EM 53.15 - Edit 89.92 - perplexity -1.11
2023-01-29 17:35:21,141:INFO: - New best score (-1.11)!
2023-01-29 17:35:22,442:INFO: - Saved model in results/clean-RDKit-100K/model.weights/
2023-01-29 17:35:22,443:INFO: - Elapsed time: 1525.06, lr: 0.00010
2023-01-29 17:35:22,444:INFO: Epoch 4/30
2023-01-29 17:58:20,939:INFO: - Training:  - 1378s - loss: 0.0812 - perplexity: 1.0851 - lr: 0.0001
2023-01-29 18:00:49,044:INFO: - Eval: BLEU-4 92.19 - EM 62.39 - Edit 92.06 - perplexity -1.08
2023-01-29 18:00:49,045:INFO: - New best score (-1.08)!
2023-01-29 18:00:50,277:INFO: - Saved model in results/clean-RDKit-100K/model.weights/
2023-01-29 18:00:50,278:INFO: - Elapsed time: 1527.83, lr: 0.00010
2023-01-29 18:00:50,278:INFO: Epoch 5/30
2023-01-29 18:23:52,681:INFO: - Training:  - 1382s - loss: 0.0566 - perplexity: 1.0585 - lr: 0.0001
2023-01-29 18:26:21,061:INFO: - Eval: BLEU-4 93.64 - EM 70.46 - Edit 93.60 - perplexity -1.06
2023-01-29 18:26:21,062:INFO: - New best score (-1.06)!
2023-01-29 18:26:22,359:INFO: - Saved model in results/clean-RDKit-100K/model.weights/
2023-01-29 18:26:22,369:INFO: - Elapsed time: 1532.09, lr: 0.00010
2023-01-29 18:26:22,370:INFO: Epoch 6/30
2023-01-29 18:49:23,845:INFO: - Training:  - 1381s - loss: 0.0425 - perplexity: 1.0437 - lr: 0.0001
2023-01-29 18:51:55,706:INFO: - Eval: BLEU-4 94.95 - EM 75.25 - Edit 94.48 - perplexity -1.05
2023-01-29 18:51:55,707:INFO: - New best score (-1.05)!
2023-01-29 18:51:56,934:INFO: - Saved model in results/clean-RDKit-100K/model.weights/
2023-01-29 18:51:56,935:INFO: - Elapsed time: 1534.56, lr: 0.00010
2023-01-29 18:51:56,935:INFO: Epoch 7/30
2023-01-29 19:14:51,394:INFO: - Training:  - 1374s - loss: 0.0344 - perplexity: 1.0352 - lr: 0.0001
2023-01-29 19:17:20,100:INFO: - Eval: BLEU-4 95.57 - EM 79.80 - Edit 95.42 - perplexity -1.04
2023-01-29 19:17:20,101:INFO: - New best score (-1.04)!
2023-01-29 19:17:21,352:INFO: - Saved model in results/clean-RDKit-100K/model.weights/
2023-01-29 19:17:21,352:INFO: - Elapsed time: 1524.42, lr: 0.00010
2023-01-29 19:17:21,353:INFO: Epoch 8/30
2023-01-29 19:40:09,440:INFO: - Training:  - 1368s - loss: 0.0282 - perplexity: 1.0287 - lr: 0.0001
2023-01-29 19:42:40,385:INFO: - Eval: BLEU-4 96.69 - EM 83.10 - Edit 96.35 - perplexity -1.04
2023-01-29 19:42:40,385:INFO: - New best score (-1.04)!
2023-01-29 19:42:41,893:INFO: - Saved model in results/clean-RDKit-100K/model.weights/
2023-01-29 19:42:41,894:INFO: - Elapsed time: 1520.54, lr: 0.00010
2023-01-29 19:42:41,895:INFO: Epoch 9/30
2023-01-29 20:05:34,364:INFO: - Training:  - 1372s - loss: 0.0238 - perplexity: 1.0243 - lr: 0.0001
2023-01-29 20:08:05,802:INFO: - Eval: BLEU-4 96.54 - EM 83.49 - Edit 96.08 - perplexity -1.03
2023-01-29 20:08:05,803:INFO: - New best score (-1.03)!
2023-01-29 20:08:06,999:INFO: - Saved model in results/clean-RDKit-100K/model.weights/
2023-01-29 20:08:07,000:INFO: - Elapsed time: 1525.10, lr: 0.00010
2023-01-29 20:08:07,001:INFO: Epoch 10/30
2023-01-29 20:30:58,113:INFO: - Training:  - 1371s - loss: 0.0209 - perplexity: 1.0212 - lr: 0.0001
2023-01-29 20:33:32,662:INFO: - Eval: BLEU-4 96.22 - EM 81.97 - Edit 96.07 - perplexity -1.03
2023-01-29 20:33:32,663:INFO: - Elapsed time: 1525.66, lr: 0.00010
2023-01-29 20:33:32,663:INFO: Epoch 11/30
2023-01-29 20:56:23,398:INFO: - Training:  - 1370s - loss: 0.0184 - perplexity: 1.0187 - lr: 0.0001
2023-01-29 20:58:53,393:INFO: - Eval: BLEU-4 97.41 - EM 87.67 - Edit 97.11 - perplexity -1.02
2023-01-29 20:58:53,394:INFO: - New best score (-1.02)!
2023-01-29 20:58:54,694:INFO: - Saved model in results/clean-RDKit-100K/model.weights/
2023-01-29 20:58:54,694:INFO: - Elapsed time: 1522.03, lr: 0.00010
2023-01-29 20:58:54,695:INFO: Epoch 12/30
2023-01-29 21:21:44,689:INFO: - Training:  - 1369s - loss: 0.0158 - perplexity: 1.0160 - lr: 0.0001
2023-01-29 21:24:14,202:INFO: - Eval: BLEU-4 94.76 - EM 74.48 - Edit 94.43 - perplexity -1.05
2023-01-29 21:24:14,203:INFO: - Elapsed time: 1519.51, lr: 0.00010
2023-01-29 21:24:14,204:INFO: Epoch 13/30
2023-01-29 21:47:02,540:INFO: - Training:  - 1368s - loss: 0.0143 - perplexity: 1.0145 - lr: 0.0001
2023-01-29 21:49:34,773:INFO: - Eval: BLEU-4 97.27 - EM 87.03 - Edit 96.93 - perplexity -1.03
2023-01-29 21:49:34,774:INFO: - Elapsed time: 1520.57, lr: 0.00010
2023-01-29 21:49:34,775:INFO: Epoch 14/30
2023-01-29 22:12:25,825:INFO: - Training:  - 1371s - loss: 0.0135 - perplexity: 1.0136 - lr: 0.0001
2023-01-29 22:14:58,476:INFO: - Eval: BLEU-4 97.03 - EM 85.49 - Edit 96.60 - perplexity -1.03
2023-01-29 22:14:58,477:INFO: - Elapsed time: 1523.70, lr: 0.00010
2023-01-29 22:14:58,478:INFO: Epoch 15/30
2023-01-29 22:38:07,788:INFO: - Training:  - 1389s - loss: 0.0119 - perplexity: 1.0121 - lr: 0.0001
2023-01-29 22:40:40,704:INFO: - Eval: BLEU-4 97.34 - EM 88.20 - Edit 97.14 - perplexity -1.02
2023-01-29 22:40:40,705:INFO: - New best score (-1.02)!
2023-01-29 22:40:42,204:INFO: - Saved model in results/clean-RDKit-100K/model.weights/
2023-01-29 22:40:42,205:INFO: - Elapsed time: 1543.73, lr: 0.00010
2023-01-29 22:40:42,206:INFO: Epoch 16/30
2023-01-29 23:03:33,074:INFO: - Training:  - 1370s - loss: 0.0112 - perplexity: 1.0114 - lr: 0.0001
2023-01-29 23:06:12,319:INFO: - Eval: BLEU-4 95.64 - EM 82.54 - Edit 95.64 - perplexity -1.04
2023-01-29 23:06:12,320:INFO: - Elapsed time: 1530.11, lr: 0.00010
2023-01-29 23:06:12,321:INFO: Epoch 17/30
2023-01-29 23:29:11,457:INFO: - Training:  - 1379s - loss: 0.0106 - perplexity: 1.0107 - lr: 0.0001
2023-01-29 23:33:08,145:INFO: - Eval: BLEU-4 97.80 - EM 88.94 - Edit 97.44 - perplexity -1.02
2023-01-29 23:33:08,146:INFO: - New best score (-1.02)!
2023-01-29 23:33:09,348:INFO: - Saved model in results/clean-RDKit-100K/model.weights/
2023-01-29 23:33:09,349:INFO: - Elapsed time: 1617.03, lr: 0.00010
2023-01-29 23:33:09,349:INFO: Epoch 18/30
2023-01-30 00:05:04,693:INFO: - Training:  - 1915s - loss: 0.0098 - perplexity: 1.0099 - lr: 0.0001
2023-01-30 00:07:36,104:INFO: - Eval: BLEU-4 97.61 - EM 88.93 - Edit 97.35 - perplexity -1.02
2023-01-30 00:07:36,105:INFO: - New best score (-1.02)!
2023-01-30 00:07:37,403:INFO: - Saved model in results/clean-RDKit-100K/model.weights/
2023-01-30 00:07:37,404:INFO: - Elapsed time: 2068.05, lr: 0.00010
2023-01-30 00:07:37,404:INFO: Epoch 19/30
2023-01-30 00:30:34,300:INFO: - Training:  - 1376s - loss: 0.0083 - perplexity: 1.0084 - lr: 0.0001
2023-01-30 00:33:06,611:INFO: - Eval: BLEU-4 98.06 - EM 90.49 - Edit 97.71 - perplexity -1.02
2023-01-30 00:33:06,612:INFO: - New best score (-1.02)!
2023-01-30 00:33:07,925:INFO: - Saved model in results/clean-RDKit-100K/model.weights/
2023-01-30 00:33:07,925:INFO: - Elapsed time: 1530.52, lr: 0.00010
2023-01-30 00:33:07,926:INFO: Epoch 20/30
2023-01-30 00:56:05,786:INFO: - Training:  - 1377s - loss: 0.0087 - perplexity: 1.0088 - lr: 0.0001
2023-01-30 00:58:37,882:INFO: - Eval: BLEU-4 98.11 - EM 91.16 - Edit 97.79 - perplexity -1.02
2023-01-30 00:58:37,883:INFO: - New best score (-1.02)!
2023-01-30 00:58:39,274:INFO: - Saved model in results/clean-RDKit-100K/model.weights/
2023-01-30 00:58:39,275:INFO: - Elapsed time: 1531.35, lr: 0.00010
2023-01-30 00:58:39,275:INFO: Epoch 21/30
2023-01-30 01:21:52,801:INFO: - Training:  - 1393s - loss: 0.0091 - perplexity: 1.0092 - lr: 0.0001
2023-01-30 01:24:24,619:INFO: - Eval: BLEU-4 98.15 - EM 91.35 - Edit 97.88 - perplexity -1.02
2023-01-30 01:24:24,620:INFO: - Elapsed time: 1545.34, lr: 0.00010
2023-01-30 01:24:24,621:INFO: Epoch 22/30
2023-01-30 01:47:22,554:INFO: - Training:  - 1377s - loss: 0.0090 - perplexity: 1.0091 - lr: 0.0001
2023-01-30 01:49:58,142:INFO: - Eval: BLEU-4 97.62 - EM 89.24 - Edit 97.34 - perplexity -1.02
2023-01-30 01:49:58,143:INFO: - Elapsed time: 1533.52, lr: 0.00010
2023-01-30 01:49:58,144:INFO: Epoch 23/30
2023-01-30 02:12:58,284:INFO: - Training:  - 1380s - loss: 0.0071 - perplexity: 1.0071 - lr: 0.0001
2023-01-30 02:15:32,641:INFO: - Eval: BLEU-4 97.17 - EM 87.37 - Edit 96.78 - perplexity -1.03
2023-01-30 02:15:32,642:INFO: - Elapsed time: 1534.50, lr: 0.00010
2023-01-30 02:15:32,643:INFO: Epoch 24/30
2023-01-30 02:40:56,772:INFO: - Training:  - 1524s - loss: 0.0068 - perplexity: 1.0068 - lr: 0.0001
2023-01-30 02:43:34,332:INFO: - Eval: BLEU-4 98.19 - EM 91.71 - Edit 97.88 - perplexity -1.02
2023-01-30 02:43:34,333:INFO: - New best score (-1.02)!
2023-01-30 02:43:35,661:INFO: - Saved model in results/clean-RDKit-100K/model.weights/
2023-01-30 02:43:35,662:INFO: - Elapsed time: 1683.02, lr: 0.00010
2023-01-30 02:43:35,662:INFO: Epoch 25/30
2023-01-30 03:06:46,151:INFO: - Training:  - 1390s - loss: 0.0074 - perplexity: 1.0075 - lr: 0.0001
2023-01-30 03:09:17,481:INFO: - Eval: BLEU-4 97.54 - EM 89.44 - Edit 97.29 - perplexity -1.02
2023-01-30 03:09:17,483:INFO: - Elapsed time: 1541.82, lr: 0.00010
2023-01-30 03:09:17,483:INFO: Epoch 26/30
2023-01-30 03:32:14,988:INFO: - Training:  - 1377s - loss: 0.0067 - perplexity: 1.0068 - lr: 0.0001
2023-01-30 03:34:50,133:INFO: - Eval: BLEU-4 98.30 - EM 91.91 - Edit 98.02 - perplexity -1.02
2023-01-30 03:34:50,134:INFO: - New best score (-1.02)!
2023-01-30 03:34:51,891:INFO: - Saved model in results/clean-RDKit-100K/model.weights/
2023-01-30 03:34:51,891:INFO: - Elapsed time: 1534.41, lr: 0.00010
2023-01-30 03:34:51,892:INFO: Epoch 27/30
2023-01-30 03:57:48,697:INFO: - Training:  - 1376s - loss: 0.0057 - perplexity: 1.0057 - lr: 0.0001
2023-01-30 04:00:17,504:INFO: - Eval: BLEU-4 98.23 - EM 92.08 - Edit 98.05 - perplexity -1.02
2023-01-30 04:00:17,505:INFO: - Elapsed time: 1525.61, lr: 0.00010
2023-01-30 04:00:17,505:INFO: Epoch 28/30
2023-01-30 04:23:16,273:INFO: - Training:  - 1378s - loss: 0.0058 - perplexity: 1.0058 - lr: 0.0001
2023-01-30 04:25:49,411:INFO: - Eval: BLEU-4 98.30 - EM 92.27 - Edit 98.00 - perplexity -1.02
2023-01-30 04:25:49,412:INFO: - Elapsed time: 1531.91, lr: 0.00010
2023-01-30 04:25:49,412:INFO: Epoch 29/30
2023-01-30 04:48:50,333:INFO: - Training:  - 1380s - loss: 0.0058 - perplexity: 1.0058 - lr: 0.0001
2023-01-30 04:51:22,302:INFO: - Eval: BLEU-4 97.54 - EM 89.86 - Edit 97.33 - perplexity -1.02
2023-01-30 04:51:22,303:INFO: - Elapsed time: 1532.89, lr: 0.00010
2023-01-30 04:51:22,304:INFO: Epoch 30/30
2023-01-30 05:14:23,465:INFO: - Training:  - 1381s - loss: 0.0054 - perplexity: 1.0054 - lr: 0.0001
2023-01-30 05:16:56,397:INFO: - Eval: BLEU-4 98.46 - EM 92.76 - Edit 98.11 - perplexity -1.02
2023-01-30 05:16:56,399:INFO: - New best score (-1.02)!
2023-01-30 05:16:57,677:INFO: - Saved model in results/clean-RDKit-100K/model.weights/
2023-01-30 05:16:57,678:INFO: - Elapsed time: 1535.37, lr: 0.00010
2023-01-30 20:48:52,522:INFO: Building model...
2023-01-30 20:48:55,322:INFO: - done.
2023-01-30 20:48:55,323:INFO: Reloading the latest trained model...
2023-01-30 20:48:55,325:INFO: Restoring parameters from results/clean-RDKit-100K/model.weights/
2023-01-30 20:51:40,437:INFO: - Test Txt: BLEU-4 98.41 - EM 92.45 - Edit 98.09 - perplexity -1.02
