2023-04-25 01:09:47,078:INFO: Building model...
2023-04-25 01:09:50,294:INFO: - done.
2023-04-25 01:09:50,296:INFO: Epoch 1/30
2023-04-25 01:48:57,525:INFO: - Training:  - 2347s - loss: 0.7486 - perplexity: 2.1267 - lr: 0.0001
2023-04-25 01:49:04,489:INFO: - Eval: BLEU-4 29.98 - EM 0.00 - Edit 49.56 - perplexity -2.56
2023-04-25 01:49:04,490:INFO: - New best score (-2.56)!
2023-04-25 01:49:05,680:INFO: - Saved model in results/HDval-200K/model.weights/
2023-04-25 01:49:05,681:INFO: - Elapsed time: 2355.38, lr: 0.00010
2023-04-25 01:49:05,682:INFO: Epoch 2/30
2023-04-25 02:27:52,808:INFO: - Training:  - 2327s - loss: 0.6765 - perplexity: 1.9673 - lr: 0.0001
2023-04-25 02:27:58,443:INFO: - Eval: BLEU-4 36.64 - EM 0.00 - Edit 47.71 - perplexity -2.51
2023-04-25 02:27:58,444:INFO: - New best score (-2.51)!
2023-04-25 02:27:59,816:INFO: - Saved model in results/HDval-200K/model.weights/
2023-04-25 02:27:59,816:INFO: - Elapsed time: 2334.13, lr: 0.00010
2023-04-25 02:27:59,817:INFO: Epoch 3/30
2023-04-25 03:06:41,934:INFO: - Training:  - 2322s - loss: 0.6662 - perplexity: 1.9470 - lr: 0.0001
2023-04-25 03:06:47,176:INFO: - Eval: BLEU-4 37.21 - EM 0.00 - Edit 50.72 - perplexity -2.51
2023-04-25 03:06:47,178:INFO: - Elapsed time: 2327.36, lr: 0.00010
2023-04-25 03:06:47,178:INFO: Epoch 4/30
2023-04-25 03:45:35,866:INFO: - Training:  - 2328s - loss: 0.6610 - perplexity: 1.9371 - lr: 0.0001
2023-04-25 03:45:41,368:INFO: - Eval: BLEU-4 35.27 - EM 0.00 - Edit 48.38 - perplexity -2.53
2023-04-25 03:45:41,369:INFO: - Elapsed time: 2334.19, lr: 0.00010
2023-04-25 03:45:41,369:INFO: Epoch 5/30
2023-04-25 04:24:33,192:INFO: - Training:  - 2331s - loss: 0.6581 - perplexity: 1.9313 - lr: 0.0001
2023-04-25 04:24:38,806:INFO: - Eval: BLEU-4 30.53 - EM 0.00 - Edit 45.43 - perplexity -2.52
2023-04-25 04:24:38,807:INFO: - Elapsed time: 2337.44, lr: 0.00010
2023-04-25 04:24:38,807:INFO: Epoch 6/30
2023-04-25 05:03:22,304:INFO: - Training:  - 2323s - loss: 0.6560 - perplexity: 1.9273 - lr: 0.0001
2023-04-25 05:03:27,909:INFO: - Eval: BLEU-4 30.53 - EM 0.00 - Edit 45.43 - perplexity -2.53
2023-04-25 05:03:27,910:INFO: - Elapsed time: 2329.10, lr: 0.00010
2023-04-25 05:03:27,910:INFO: Epoch 7/30
2023-04-25 05:42:09,948:INFO: - Training:  - 2322s - loss: 0.6543 - perplexity: 1.9240 - lr: 0.0001
2023-04-25 05:42:15,438:INFO: - Eval: BLEU-4 30.58 - EM 0.00 - Edit 45.54 - perplexity -2.53
2023-04-25 05:42:15,439:INFO: - Elapsed time: 2327.53, lr: 0.00010
2023-04-25 05:42:15,440:INFO: Epoch 8/30
2023-04-25 06:21:04,037:INFO: - Training:  - 2328s - loss: 0.6528 - perplexity: 1.9211 - lr: 0.0001
2023-04-25 06:21:09,660:INFO: - Eval: BLEU-4 30.53 - EM 0.00 - Edit 45.43 - perplexity -2.55
2023-04-25 06:21:09,661:INFO: - Elapsed time: 2334.22, lr: 0.00010
2023-04-25 06:21:09,661:INFO: Epoch 9/30
2023-04-25 06:59:51,818:INFO: - Training:  - 2322s - loss: 0.6516 - perplexity: 1.9188 - lr: 0.0001
2023-04-25 06:59:57,479:INFO: - Eval: BLEU-4 30.53 - EM 0.00 - Edit 45.43 - perplexity -2.54
2023-04-25 06:59:57,480:INFO: - Elapsed time: 2327.82, lr: 0.00010
2023-04-25 06:59:57,480:INFO: Epoch 10/30
2023-04-25 07:38:40,189:INFO: - Training:  - 2322s - loss: 0.6504 - perplexity: 1.9164 - lr: 0.0001
2023-04-25 07:38:45,820:INFO: - Eval: BLEU-4 30.53 - EM 0.00 - Edit 45.43 - perplexity -2.53
2023-04-25 07:38:45,821:INFO: - Elapsed time: 2328.34, lr: 0.00010
2023-04-25 07:38:45,822:INFO: Epoch 11/30
2023-04-25 08:17:31,996:INFO: - Training:  - 2326s - loss: 0.6492 - perplexity: 1.9142 - lr: 0.0001
2023-04-25 08:17:37,876:INFO: - Eval: BLEU-4 30.53 - EM 0.00 - Edit 45.43 - perplexity -2.52
2023-04-25 08:17:37,876:INFO: - Elapsed time: 2332.05, lr: 0.00010
2023-04-25 08:17:37,877:INFO: Epoch 12/30
2023-04-25 08:56:34,496:INFO: - Training:  - 2336s - loss: 0.6481 - perplexity: 1.9120 - lr: 0.0001
2023-04-25 08:56:40,033:INFO: - Eval: BLEU-4 30.58 - EM 0.00 - Edit 45.54 - perplexity -2.52
2023-04-25 08:56:40,034:INFO: - Elapsed time: 2342.16, lr: 0.00010
2023-04-25 08:56:40,034:INFO: Epoch 13/30
2023-04-25 09:35:40,335:INFO: - Training:  - 2340s - loss: 0.6467 - perplexity: 1.9095 - lr: 0.0001
2023-04-25 09:35:45,879:INFO: - Eval: BLEU-4 30.58 - EM 0.00 - Edit 45.54 - perplexity -2.52
2023-04-25 09:35:45,880:INFO: - Elapsed time: 2345.85, lr: 0.00010
2023-04-25 09:35:45,881:INFO: Epoch 14/30
2023-04-25 10:14:44,210:INFO: - Training:  - 2338s - loss: 0.6455 - perplexity: 1.9071 - lr: 0.0001
2023-04-25 10:14:49,790:INFO: - Eval: BLEU-4 30.28 - EM 0.00 - Edit 45.55 - perplexity -2.52
2023-04-25 10:14:49,791:INFO: - Elapsed time: 2343.91, lr: 0.00010
2023-04-25 10:14:49,792:INFO: Epoch 15/30
2023-04-25 10:53:56,144:INFO: - Training:  - 2346s - loss: 0.6441 - perplexity: 1.9045 - lr: 0.0001
2023-04-25 10:54:01,716:INFO: - Eval: BLEU-4 30.28 - EM 0.00 - Edit 45.55 - perplexity -2.52
2023-04-25 10:54:01,717:INFO: - Elapsed time: 2351.92, lr: 0.00010
2023-04-25 10:54:01,717:INFO: Epoch 16/30
2023-04-25 11:33:03,590:INFO: - Training:  - 2341s - loss: 0.6430 - perplexity: 1.9024 - lr: 0.0001
2023-04-25 11:33:09,147:INFO: - Eval: BLEU-4 29.97 - EM 0.00 - Edit 45.15 - perplexity -2.52
2023-04-25 11:33:09,148:INFO: - Elapsed time: 2347.43, lr: 0.00010
2023-04-25 11:33:09,149:INFO: Epoch 17/30
2023-04-25 12:12:06,307:INFO: - Training:  - 2337s - loss: 0.6412 - perplexity: 1.8989 - lr: 0.0001
2023-04-25 12:12:11,986:INFO: - Eval: BLEU-4 30.28 - EM 0.00 - Edit 45.55 - perplexity -2.51
2023-04-25 12:12:11,987:INFO: - Elapsed time: 2342.84, lr: 0.00010
2023-04-25 12:12:11,987:INFO: Epoch 18/30
2023-04-25 12:51:07,932:INFO: - Training:  - 2335s - loss: 0.6394 - perplexity: 1.8955 - lr: 0.0001
2023-04-25 12:51:13,447:INFO: - Eval: BLEU-4 30.58 - EM 0.00 - Edit 45.54 - perplexity -2.51
2023-04-25 12:51:13,448:INFO: - Elapsed time: 2341.46, lr: 0.00010
2023-04-25 12:51:13,449:INFO: Epoch 19/30
2023-04-25 13:30:08,231:INFO: - Training:  - 2334s - loss: 0.6378 - perplexity: 1.8926 - lr: 0.0001
2023-04-25 13:30:13,888:INFO: - Eval: BLEU-4 29.97 - EM 0.00 - Edit 45.15 - perplexity -2.52
2023-04-25 13:30:13,889:INFO: - Elapsed time: 2340.44, lr: 0.00010
2023-04-25 13:30:13,889:INFO: Epoch 20/30
2023-04-25 14:09:21,175:INFO: - Training:  - 2347s - loss: 0.6357 - perplexity: 1.8886 - lr: 0.0001
2023-04-25 14:09:26,718:INFO: - Eval: BLEU-4 33.91 - EM 0.00 - Edit 46.01 - perplexity -2.54
2023-04-25 14:09:26,719:INFO: - Elapsed time: 2352.83, lr: 0.00010
2023-04-25 14:09:26,720:INFO: Epoch 21/30
2023-04-25 14:48:34,444:INFO: - Training:  - 2347s - loss: 0.6334 - perplexity: 1.8842 - lr: 0.0001
2023-04-25 14:48:39,997:INFO: - Eval: BLEU-4 33.91 - EM 0.00 - Edit 46.01 - perplexity -2.54
2023-04-25 14:48:39,998:INFO: - Elapsed time: 2353.28, lr: 0.00010
2023-04-25 14:48:39,998:INFO: Epoch 22/30
2023-04-25 15:27:49,338:INFO: - Training:  - 2349s - loss: 0.6313 - perplexity: 1.8803 - lr: 0.0001
2023-04-25 15:27:54,909:INFO: - Eval: BLEU-4 33.40 - EM 0.00 - Edit 46.07 - perplexity -2.54
2023-04-25 15:27:54,910:INFO: - Elapsed time: 2354.91, lr: 0.00010
2023-04-25 15:27:54,910:INFO: Epoch 23/30
2023-04-25 16:06:56,223:INFO: - Training:  - 2341s - loss: 0.6287 - perplexity: 1.8754 - lr: 0.0001
2023-04-25 16:07:01,906:INFO: - Eval: BLEU-4 35.44 - EM 0.00 - Edit 47.36 - perplexity -2.55
2023-04-25 16:07:01,907:INFO: - Elapsed time: 2347.00, lr: 0.00010
2023-04-25 16:07:01,908:INFO: Epoch 24/30
2023-04-25 16:46:04,442:INFO: - Training:  - 2342s - loss: 0.6266 - perplexity: 1.8715 - lr: 0.0001
2023-04-25 16:46:09,962:INFO: - Eval: BLEU-4 33.69 - EM 0.00 - Edit 45.76 - perplexity -2.57
2023-04-25 16:46:09,963:INFO: - Elapsed time: 2348.05, lr: 0.00010
2023-04-25 16:46:09,964:INFO: Epoch 25/30
2023-04-25 17:25:15,779:INFO: - Training:  - 2345s - loss: 0.6237 - perplexity: 1.8661 - lr: 0.0001
2023-04-25 17:25:21,561:INFO: - Eval: BLEU-4 33.91 - EM 0.00 - Edit 46.01 - perplexity -2.57
2023-04-25 17:25:21,562:INFO: - Elapsed time: 2351.60, lr: 0.00010
2023-04-25 17:25:21,563:INFO: Epoch 26/30
2023-04-25 18:04:29,996:INFO: - Training:  - 2348s - loss: 0.6210 - perplexity: 1.8611 - lr: 0.0001
2023-04-25 18:04:35,816:INFO: - Eval: BLEU-4 33.91 - EM 0.00 - Edit 46.01 - perplexity -2.58
2023-04-25 18:04:35,816:INFO: - Elapsed time: 2354.25, lr: 0.00010
2023-04-25 18:04:35,817:INFO: Epoch 27/30
2023-04-25 18:43:45,140:INFO: - Training:  - 2349s - loss: 0.6183 - perplexity: 1.8561 - lr: 0.0001
2023-04-25 18:43:50,962:INFO: - Eval: BLEU-4 28.83 - EM 0.00 - Edit 43.12 - perplexity -2.59
2023-04-25 18:43:50,963:INFO: - Elapsed time: 2355.15, lr: 0.00010
2023-04-25 18:43:50,964:INFO: Epoch 28/30
2023-04-25 19:22:59,473:INFO: - Training:  - 2348s - loss: 0.6156 - perplexity: 1.8511 - lr: 0.0001
2023-04-25 19:23:05,039:INFO: - Eval: BLEU-4 34.67 - EM 0.00 - Edit 45.92 - perplexity -2.59
2023-04-25 19:23:05,039:INFO: - Elapsed time: 2354.07, lr: 0.00010
2023-04-25 19:23:05,040:INFO: Epoch 29/30
2023-04-25 20:02:16,517:INFO: - Training:  - 2351s - loss: 0.6133 - perplexity: 1.8469 - lr: 0.0001
2023-04-25 20:02:22,348:INFO: - Eval: BLEU-4 34.00 - EM 0.00 - Edit 44.84 - perplexity -2.61
2023-04-25 20:02:22,349:INFO: - Elapsed time: 2357.31, lr: 0.00010
2023-04-25 20:02:22,349:INFO: Epoch 30/30
2023-04-25 20:41:32,914:INFO: - Training:  - 2350s - loss: 0.6105 - perplexity: 1.8416 - lr: 0.0001
2023-04-25 20:41:38,587:INFO: - Eval: BLEU-4 35.47 - EM 0.00 - Edit 47.48 - perplexity -2.60
2023-04-25 20:41:38,588:INFO: - Elapsed time: 2356.24, lr: 0.00010
2023-04-26 12:05:51,560:INFO: Building model...
2023-04-26 12:05:53,217:INFO: - done.
2023-04-26 12:05:53,218:INFO: Epoch 1/30
2023-04-26 12:15:49,857:INFO: - Training:  - 596s - loss: 0.8800 - perplexity: 2.4430 - lr: 0.0001
2023-04-26 12:15:55,436:INFO: - Eval: BLEU-4 29.62 - EM 0.00 - Edit 45.90 - perplexity -2.91
2023-04-26 12:15:55,438:INFO: - New best score (-2.91)!
2023-04-26 12:15:56,638:INFO: - Saved model in results/HDval-50K/model.weights/
2023-04-26 12:15:56,639:INFO: - Elapsed time: 603.42, lr: 0.00010
2023-04-26 12:15:56,640:INFO: Epoch 2/30
2023-04-26 12:25:55,424:INFO: - Training:  - 598s - loss: 0.7332 - perplexity: 2.0827 - lr: 0.0001
2023-04-26 12:26:01,224:INFO: - Eval: BLEU-4 26.74 - EM 0.00 - Edit 44.04 - perplexity -2.72
2023-04-26 12:26:01,226:INFO: - New best score (-2.72)!
2023-04-26 12:26:02,424:INFO: - Saved model in results/HDval-50K/model.weights/
2023-04-26 12:26:02,425:INFO: - Elapsed time: 605.78, lr: 0.00010
2023-04-26 12:26:02,426:INFO: Epoch 3/30
2023-04-26 12:36:04,161:INFO: - Training:  - 601s - loss: 0.7000 - perplexity: 2.0142 - lr: 0.0001
2023-04-26 12:36:09,815:INFO: - Eval: BLEU-4 26.81 - EM 0.00 - Edit 44.62 - perplexity -2.65
2023-04-26 12:36:09,816:INFO: - New best score (-2.65)!
2023-04-26 12:36:11,391:INFO: - Saved model in results/HDval-50K/model.weights/
2023-04-26 12:36:11,392:INFO: - Elapsed time: 608.97, lr: 0.00010
2023-04-26 12:36:11,392:INFO: Epoch 4/30
2023-04-26 12:46:07,029:INFO: - Training:  - 595s - loss: 0.6868 - perplexity: 1.9878 - lr: 0.0001
2023-04-26 12:46:12,619:INFO: - Eval: BLEU-4 31.67 - EM 0.00 - Edit 45.77 - perplexity -2.63
2023-04-26 12:46:12,620:INFO: - New best score (-2.63)!
2023-04-26 12:46:13,779:INFO: - Saved model in results/HDval-50K/model.weights/
2023-04-26 12:46:13,780:INFO: - Elapsed time: 602.39, lr: 0.00010
2023-04-26 12:46:13,780:INFO: Epoch 5/30
2023-04-26 12:56:06,036:INFO: - Training:  - 592s - loss: 0.6800 - perplexity: 1.9742 - lr: 0.0001
2023-04-26 12:56:11,591:INFO: - Eval: BLEU-4 30.28 - EM 0.00 - Edit 45.55 - perplexity -2.59
2023-04-26 12:56:11,592:INFO: - New best score (-2.59)!
2023-04-26 12:56:12,825:INFO: - Saved model in results/HDval-50K/model.weights/
2023-04-26 12:56:12,826:INFO: - Elapsed time: 599.05, lr: 0.00010
2023-04-26 12:56:12,827:INFO: Epoch 6/30
2023-04-26 13:06:02,955:INFO: - Training:  - 590s - loss: 0.6759 - perplexity: 1.9661 - lr: 0.0001
2023-04-26 13:06:08,525:INFO: - Eval: BLEU-4 30.28 - EM 0.00 - Edit 45.55 - perplexity -2.54
2023-04-26 13:06:08,526:INFO: - New best score (-2.54)!
2023-04-26 13:06:11,268:INFO: - Saved model in results/HDval-50K/model.weights/
2023-04-26 13:06:11,269:INFO: - Elapsed time: 598.44, lr: 0.00010
2023-04-26 13:06:11,270:INFO: Epoch 7/30
2023-04-26 13:16:02,696:INFO: - Training:  - 591s - loss: 0.6715 - perplexity: 1.9574 - lr: 0.0001
2023-04-26 13:16:08,285:INFO: - Eval: BLEU-4 31.05 - EM 0.00 - Edit 46.53 - perplexity -2.53
2023-04-26 13:16:08,286:INFO: - New best score (-2.53)!
2023-04-26 13:16:09,540:INFO: - Saved model in results/HDval-50K/model.weights/
2023-04-26 13:16:09,541:INFO: - Elapsed time: 598.27, lr: 0.00010
2023-04-26 13:16:09,542:INFO: Epoch 8/30
2023-04-26 13:25:58,879:INFO: - Training:  - 589s - loss: 0.6684 - perplexity: 1.9513 - lr: 0.0001
2023-04-26 13:26:04,433:INFO: - Eval: BLEU-4 31.12 - EM 0.00 - Edit 46.62 - perplexity -2.52
2023-04-26 13:26:04,434:INFO: - New best score (-2.52)!
2023-04-26 13:26:05,587:INFO: - Saved model in results/HDval-50K/model.weights/
2023-04-26 13:26:05,588:INFO: - Elapsed time: 596.05, lr: 0.00010
2023-04-26 13:26:05,589:INFO: Epoch 9/30
2023-04-26 13:35:55,724:INFO: - Training:  - 590s - loss: 0.6661 - perplexity: 1.9468 - lr: 0.0001
2023-04-26 13:36:01,146:INFO: - Eval: BLEU-4 32.47 - EM 0.00 - Edit 48.19 - perplexity -2.50
2023-04-26 13:36:01,147:INFO: - New best score (-2.50)!
2023-04-26 13:36:02,484:INFO: - Saved model in results/HDval-50K/model.weights/
2023-04-26 13:36:02,485:INFO: - Elapsed time: 596.90, lr: 0.00010
2023-04-26 13:36:02,486:INFO: Epoch 10/30
2023-04-26 13:45:52,555:INFO: - Training:  - 590s - loss: 0.6639 - perplexity: 1.9427 - lr: 0.0001
2023-04-26 13:45:58,156:INFO: - Eval: BLEU-4 34.60 - EM 0.00 - Edit 46.89 - perplexity -2.47
2023-04-26 13:45:58,156:INFO: - New best score (-2.47)!
2023-04-26 13:45:59,388:INFO: - Saved model in results/HDval-50K/model.weights/
2023-04-26 13:45:59,389:INFO: - Elapsed time: 596.90, lr: 0.00010
2023-04-26 13:45:59,389:INFO: Epoch 11/30
2023-04-26 13:55:48,875:INFO: - Training:  - 589s - loss: 0.6615 - perplexity: 1.9380 - lr: 0.0001
2023-04-26 13:55:54,196:INFO: - Eval: BLEU-4 35.39 - EM 0.00 - Edit 47.26 - perplexity -2.46
2023-04-26 13:55:54,197:INFO: - New best score (-2.46)!
2023-04-26 13:55:55,645:INFO: - Saved model in results/HDval-50K/model.weights/
2023-04-26 13:55:55,646:INFO: - Elapsed time: 596.26, lr: 0.00010
2023-04-26 13:55:55,647:INFO: Epoch 12/30
2023-04-26 14:05:44,263:INFO: - Training:  - 588s - loss: 0.6597 - perplexity: 1.9345 - lr: 0.0001
2023-04-26 14:05:49,561:INFO: - Eval: BLEU-4 30.78 - EM 0.00 - Edit 46.86 - perplexity -2.46
2023-04-26 14:05:49,563:INFO: - Elapsed time: 593.92, lr: 0.00010
2023-04-26 14:05:49,564:INFO: Epoch 13/30
2023-04-26 14:15:36,462:INFO: - Training:  - 586s - loss: 0.6574 - perplexity: 1.9301 - lr: 0.0001
2023-04-26 14:15:41,763:INFO: - Eval: BLEU-4 31.55 - EM 0.00 - Edit 47.98 - perplexity -2.48
2023-04-26 14:15:41,764:INFO: - Elapsed time: 592.20, lr: 0.00010
2023-04-26 14:15:41,765:INFO: Epoch 14/30
2023-04-26 14:25:32,084:INFO: - Training:  - 590s - loss: 0.6553 - perplexity: 1.9259 - lr: 0.0001
2023-04-26 14:25:37,368:INFO: - Eval: BLEU-4 29.65 - EM 0.00 - Edit 46.18 - perplexity -2.49
2023-04-26 14:25:37,369:INFO: - Elapsed time: 595.60, lr: 0.00010
2023-04-26 14:25:37,369:INFO: Epoch 15/30
2023-04-26 14:35:26,307:INFO: - Training:  - 588s - loss: 0.6530 - perplexity: 1.9215 - lr: 0.0001
2023-04-26 14:35:31,626:INFO: - Eval: BLEU-4 27.59 - EM 0.00 - Edit 45.96 - perplexity -2.49
2023-04-26 14:35:31,627:INFO: - Elapsed time: 594.26, lr: 0.00010
2023-04-26 14:35:31,627:INFO: Epoch 16/30
2023-04-26 14:45:20,393:INFO: - Training:  - 588s - loss: 0.6507 - perplexity: 1.9171 - lr: 0.0001
2023-04-26 14:45:25,704:INFO: - Eval: BLEU-4 29.66 - EM 0.00 - Edit 46.91 - perplexity -2.50
2023-04-26 14:45:25,705:INFO: - Elapsed time: 594.08, lr: 0.00010
2023-04-26 14:45:25,706:INFO: Epoch 17/30
2023-04-26 14:55:14,188:INFO: - Training:  - 588s - loss: 0.6478 - perplexity: 1.9116 - lr: 0.0001
2023-04-26 14:55:19,687:INFO: - Eval: BLEU-4 27.26 - EM 0.00 - Edit 44.47 - perplexity -2.48
2023-04-26 14:55:19,688:INFO: - Elapsed time: 593.98, lr: 0.00010
2023-04-26 14:55:19,688:INFO: Epoch 18/30
2023-04-26 15:05:10,285:INFO: - Training:  - 590s - loss: 0.6448 - perplexity: 1.9059 - lr: 0.0001
2023-04-26 15:05:15,857:INFO: - Eval: BLEU-4 26.59 - EM 0.00 - Edit 43.30 - perplexity -2.48
2023-04-26 15:05:15,858:INFO: - Elapsed time: 596.17, lr: 0.00010
2023-04-26 15:05:15,858:INFO: Epoch 19/30
2023-04-26 15:15:05,978:INFO: - Training:  - 590s - loss: 0.6414 - perplexity: 1.8994 - lr: 0.0001
2023-04-26 15:15:11,296:INFO: - Eval: BLEU-4 33.47 - EM 0.00 - Edit 46.42 - perplexity -2.49
2023-04-26 15:15:11,298:INFO: - Elapsed time: 595.44, lr: 0.00010
2023-04-26 15:15:11,298:INFO: Epoch 20/30
2023-04-26 15:25:01,734:INFO: - Training:  - 590s - loss: 0.6377 - perplexity: 1.8924 - lr: 0.0001
2023-04-26 15:25:07,010:INFO: - Eval: BLEU-4 29.64 - EM 0.00 - Edit 46.54 - perplexity -2.51
2023-04-26 15:25:07,011:INFO: - Elapsed time: 595.71, lr: 0.00010
2023-04-26 15:25:07,011:INFO: Epoch 21/30
2023-04-26 15:34:57,901:INFO: - Training:  - 590s - loss: 0.6265 - perplexity: 1.8714 - lr: 0.0001
2023-04-26 15:35:03,835:INFO: - Eval: BLEU-4 27.50 - EM 0.00 - Edit 44.88 - perplexity -2.45
2023-04-26 15:35:03,837:INFO: - New best score (-2.45)!
2023-04-26 15:35:05,081:INFO: - Saved model in results/HDval-50K/model.weights/
2023-04-26 15:35:05,082:INFO: - Elapsed time: 598.07, lr: 0.00010
2023-04-26 15:35:05,083:INFO: Epoch 22/30
2023-04-26 15:44:58,139:INFO: - Training:  - 593s - loss: 0.6025 - perplexity: 1.8271 - lr: 0.0001
2023-04-26 15:45:03,940:INFO: - Eval: BLEU-4 29.50 - EM 0.00 - Edit 48.35 - perplexity -2.38
2023-04-26 15:45:03,941:INFO: - New best score (-2.38)!
2023-04-26 15:45:05,910:INFO: - Saved model in results/HDval-50K/model.weights/
2023-04-26 15:45:05,911:INFO: - Elapsed time: 600.83, lr: 0.00010
2023-04-26 15:45:05,912:INFO: Epoch 23/30
2023-04-26 15:55:00,846:INFO: - Training:  - 594s - loss: 0.5725 - perplexity: 1.7731 - lr: 0.0001
2023-04-26 15:55:06,613:INFO: - Eval: BLEU-4 31.67 - EM 0.00 - Edit 49.86 - perplexity -2.29
2023-04-26 15:55:06,614:INFO: - New best score (-2.29)!
2023-04-26 15:55:07,863:INFO: - Saved model in results/HDval-50K/model.weights/
2023-04-26 15:55:07,864:INFO: - Elapsed time: 601.95, lr: 0.00010
2023-04-26 15:55:07,864:INFO: Epoch 24/30
2023-04-26 16:05:02,416:INFO: - Training:  - 594s - loss: 0.5248 - perplexity: 1.6908 - lr: 0.0001
2023-04-26 16:05:07,970:INFO: - Eval: BLEU-4 35.78 - EM 0.00 - Edit 53.59 - perplexity -2.21
2023-04-26 16:05:07,971:INFO: - New best score (-2.21)!
2023-04-26 16:05:09,609:INFO: - Saved model in results/HDval-50K/model.weights/
2023-04-26 16:05:09,610:INFO: - Elapsed time: 601.75, lr: 0.00010
2023-04-26 16:05:09,611:INFO: Epoch 25/30
2023-04-26 16:15:04,490:INFO: - Training:  - 594s - loss: 0.4764 - perplexity: 1.6109 - lr: 0.0001
2023-04-26 16:15:09,935:INFO: - Eval: BLEU-4 40.77 - EM 0.24 - Edit 57.02 - perplexity -2.13
2023-04-26 16:15:09,936:INFO: - New best score (-2.13)!
2023-04-26 16:15:11,329:INFO: - Saved model in results/HDval-50K/model.weights/
2023-04-26 16:15:11,330:INFO: - Elapsed time: 601.72, lr: 0.00010
2023-04-26 16:15:11,331:INFO: Epoch 26/30
2023-04-26 16:25:05,268:INFO: - Training:  - 593s - loss: 0.4322 - perplexity: 1.5413 - lr: 0.0001
2023-04-26 16:25:10,769:INFO: - Eval: BLEU-4 44.27 - EM 0.24 - Edit 58.51 - perplexity -2.08
2023-04-26 16:25:10,770:INFO: - New best score (-2.08)!
2023-04-26 16:25:12,124:INFO: - Saved model in results/HDval-50K/model.weights/
2023-04-26 16:25:12,125:INFO: - Elapsed time: 600.79, lr: 0.00010
2023-04-26 16:25:12,126:INFO: Epoch 27/30
2023-04-26 16:35:06,309:INFO: - Training:  - 594s - loss: 0.3946 - perplexity: 1.4845 - lr: 0.0001
2023-04-26 16:35:11,778:INFO: - Eval: BLEU-4 47.77 - EM 0.24 - Edit 59.91 - perplexity -2.08
2023-04-26 16:35:11,779:INFO: - New best score (-2.08)!
2023-04-26 16:35:13,054:INFO: - Saved model in results/HDval-50K/model.weights/
2023-04-26 16:35:13,055:INFO: - Elapsed time: 600.93, lr: 0.00010
2023-04-26 16:35:13,056:INFO: Epoch 28/30
2023-04-26 16:45:08,606:INFO: - Training:  - 595s - loss: 0.3634 - perplexity: 1.4389 - lr: 0.0001
2023-04-26 16:45:14,122:INFO: - Eval: BLEU-4 50.89 - EM 0.24 - Edit 60.73 - perplexity -2.06
2023-04-26 16:45:14,123:INFO: - New best score (-2.06)!
2023-04-26 16:45:15,548:INFO: - Saved model in results/HDval-50K/model.weights/
2023-04-26 16:45:15,549:INFO: - Elapsed time: 602.49, lr: 0.00010
2023-04-26 16:45:15,549:INFO: Epoch 29/30
2023-04-26 16:55:10,672:INFO: - Training:  - 595s - loss: 0.3358 - perplexity: 1.3997 - lr: 0.0001
2023-04-26 16:55:16,323:INFO: - Eval: BLEU-4 51.21 - EM 0.73 - Edit 60.88 - perplexity -2.13
2023-04-26 16:55:16,324:INFO: - Elapsed time: 600.77, lr: 0.00010
2023-04-26 16:55:16,324:INFO: Epoch 30/30
2023-04-26 17:05:12,404:INFO: - Training:  - 596s - loss: 0.3121 - perplexity: 1.3670 - lr: 0.0001
2023-04-26 17:05:18,005:INFO: - Eval: BLEU-4 52.78 - EM 0.24 - Edit 62.06 - perplexity -2.08
2023-04-26 17:05:18,006:INFO: - Elapsed time: 601.68, lr: 0.00010
2023-04-27 03:30:09,558:INFO: Building model...
2023-04-27 03:30:10,024:WARNING: From Z:\FYP\im2smilesv2\model\decoder.py:58: dynamic_rnn (from tensorflow.python.ops.rnn) is deprecated and will be removed in a future version.
Instructions for updating:
Please use `keras.layers.RNN(cell)`, which is equivalent to this API
2023-04-27 03:30:10,070:WARNING: From C:\Users\Yuriy\AppData\Roaming\Python\Python39\site-packages\tensorflow\python\keras\layers\legacy_rnn\rnn_cell_impl.py:991: calling Zeros.__init__ (from tensorflow.python.ops.init_ops) with dtype is deprecated and will be removed in a future version.
Instructions for updating:
Call initializer instance with the dtype argument instead of passing it to the constructor
2023-04-27 03:30:10,801:WARNING: From Z:\FYP\im2smilesv2\model\components\dynamic_decode.py:58: calling while_loop_v2 (from tensorflow.python.ops.control_flow_ops) with back_prop=False is deprecated and will be removed in a future version.
Instructions for updating:
back_prop=False is deprecated. Consider using tf.stop_gradient instead.
Instead of:
results = tf.while_loop(c, b, vars, back_prop=False)
Use:
results = tf.nest.map_structure(tf.stop_gradient, tf.while_loop(c, b, vars))
2023-04-27 03:30:13,197:INFO: - done.
2023-04-27 03:30:13,198:INFO: Reloading the latest trained model...
2023-04-27 03:30:13,212:INFO: Restoring parameters from results/HDval-200K/model.weights/
2023-04-27 03:30:13,863:INFO: 
This is an interactive mode.
To exit, enter 'exit'.
Enter a path to a file
input> data/images_test/0.png
2023-04-27 03:31:00,940:INFO: Building model...
2023-04-27 03:31:00,940:INFO: Building model...
2023-04-27 03:31:01,867:INFO: - done.
2023-04-27 03:31:01,867:INFO: - done.
2023-04-27 03:31:01,868:INFO: Reloading the latest trained model...
2023-04-27 03:31:01,868:INFO: Reloading the latest trained model...
2023-04-27 03:31:01,869:INFO: Restoring parameters from results/HDval-200K/model.weights/
2023-04-27 03:31:01,869:INFO: Restoring parameters from results/HDval-200K/model.weights/
2023-04-27 03:31:02,022:INFO: 
This is an interactive mode.
To exit, enter 'exit'.
Enter a path to a file
input> data/images_test/0.png
2023-04-27 03:31:02,022:INFO: 
This is an interactive mode.
To exit, enter 'exit'.
Enter a path to a file
input> data/images_test/0.png
2023-04-27 03:31:14,628:INFO: C=CC1CCC(CC)C(C)CCCC)C)
2023-04-27 03:31:14,628:INFO: C=CC1CCC(CC)C(C)CCCC)C)
